[2026-02-15T16:42:37.147+0000] {taskinstance.py:1956} INFO - Dependencies all met for dep_context=non-requeueable deps ti=<TaskInstance: etl_variant__clients.load manual__2026-02-01T21:41:36.866315+00:00 [queued]>
[2026-02-15T16:42:37.166+0000] {taskinstance.py:1956} INFO - Dependencies all met for dep_context=requeueable deps ti=<TaskInstance: etl_variant__clients.load manual__2026-02-01T21:41:36.866315+00:00 [queued]>
[2026-02-15T16:42:37.167+0000] {taskinstance.py:2170} INFO - Starting attempt 1 of 3
[2026-02-15T16:42:37.184+0000] {taskinstance.py:2191} INFO - Executing <Task(PythonOperator): load> on 2026-02-01 21:41:36.866315+00:00
[2026-02-15T16:42:37.190+0000] {standard_task_runner.py:60} INFO - Started process 427 to run task
[2026-02-15T16:42:37.195+0000] {standard_task_runner.py:87} INFO - Running: ['***', 'tasks', 'run', 'etl_variant__clients', 'load', 'manual__2026-02-01T21:41:36.866315+00:00', '--job-id', '54', '--raw', '--subdir', 'DAGS_FOLDER/universal_etl_factory.py', '--cfg-path', '/tmp/tmpgjgenx32']
[2026-02-15T16:42:37.197+0000] {standard_task_runner.py:88} INFO - Job 54: Subtask load
[2026-02-15T16:42:37.257+0000] {task_command.py:423} INFO - Running <TaskInstance: etl_variant__clients.load manual__2026-02-01T21:41:36.866315+00:00 [running]> on host 544250c3cab2
[2026-02-15T16:42:37.377+0000] {taskinstance.py:2480} INFO - Exporting env vars: AIRFLOW_CTX_DAG_OWNER='***' AIRFLOW_CTX_DAG_ID='etl_variant__clients' AIRFLOW_CTX_TASK_ID='load' AIRFLOW_CTX_EXECUTION_DATE='2026-02-01T21:41:36.866315+00:00' AIRFLOW_CTX_TRY_NUMBER='1' AIRFLOW_CTX_DAG_RUN_ID='manual__2026-02-01T21:41:36.866315+00:00'
[2026-02-15T16:42:37.413+0000] {utils.py:16} INFO - Конфигурация загружена: /opt/***/dags/config/tables.yaml
[2026-02-15T16:42:37.414+0000] {universal_etl_factory.py:183} INFO - === LOAD Start ===
[2026-02-15T16:42:37.414+0000] {universal_etl_factory.py:184} INFO - Target: clients
[2026-02-15T16:42:37.414+0000] {universal_etl_factory.py:185} INFO - Company: company_002
[2026-02-15T16:42:37.414+0000] {universal_etl_factory.py:186} INFO - Job ID: etl_variant__clients_f9b82aa6
[2026-02-15T16:42:39.820+0000] {connections.py:82} INFO - Подключено к ClickHouse: clickhouse
[2026-02-15T16:42:39.825+0000] {loader.py:51} INFO - Таблица clients готова
[2026-02-15T16:42:39.834+0000] {loader.py:60} INFO - Удалены данные схемы variant из clients
[2026-02-15T16:42:41.425+0000] {loader.py:147} INFO - Загружено 50000/561698
[2026-02-15T16:42:43.114+0000] {loader.py:147} INFO - Загружено 100000/561698
[2026-02-15T16:42:44.732+0000] {loader.py:147} INFO - Загружено 150000/561698
[2026-02-15T16:42:46.432+0000] {loader.py:147} INFO - Загружено 200000/561698
[2026-02-15T16:42:48.057+0000] {loader.py:147} INFO - Загружено 250000/561698
[2026-02-15T16:42:49.890+0000] {loader.py:147} INFO - Загружено 300000/561698
[2026-02-15T16:42:51.533+0000] {loader.py:147} INFO - Загружено 350000/561698
[2026-02-15T16:42:53.329+0000] {loader.py:147} INFO - Загружено 400000/561698
[2026-02-15T16:42:54.942+0000] {loader.py:147} INFO - Загружено 450000/561698
[2026-02-15T16:42:56.650+0000] {loader.py:147} INFO - Загружено 500000/561698
[2026-02-15T16:43:00.840+0000] {loader.py:147} INFO - Загружено 550000/561698
[2026-02-15T16:43:01.287+0000] {loader.py:147} INFO - Загружено 561698/561698
[2026-02-15T16:43:02.648+0000] {loader.py:155} INFO - Таблица clients оптимизирована
[2026-02-15T16:43:02.697+0000] {universal_etl_factory.py:234} INFO - === LOAD Complete: 561698 строк ===
[2026-02-15T16:43:03.088+0000] {python.py:201} INFO - Done. Returned value was: {'job_id': 'etl_variant__clients_f9b82aa6', 'rows_loaded': 561698, 'target_table': 'clients', 'company_id': 'company_002'}
[2026-02-15T16:43:03.145+0000] {taskinstance.py:1138} INFO - Marking task as SUCCESS. dag_id=etl_variant__clients, task_id=load, execution_date=20260201T214136, start_date=20260215T164237, end_date=20260215T164303
[2026-02-15T16:43:03.207+0000] {local_task_job_runner.py:234} INFO - Task exited with return code 0
[2026-02-15T16:43:03.236+0000] {taskinstance.py:3280} INFO - 0 downstream tasks scheduled from follow-on schedule check
