[2026-02-15T16:35:23.531+0000] {taskinstance.py:1956} INFO - Dependencies all met for dep_context=non-requeueable deps ti=<TaskInstance: etl_finboon__clients.extract manual__2026-02-15T16:30:15.918531+00:00 [queued]>
[2026-02-15T16:35:23.542+0000] {taskinstance.py:1956} INFO - Dependencies all met for dep_context=requeueable deps ti=<TaskInstance: etl_finboon__clients.extract manual__2026-02-15T16:30:15.918531+00:00 [queued]>
[2026-02-15T16:35:23.542+0000] {taskinstance.py:2170} INFO - Starting attempt 1 of 2
[2026-02-15T16:35:23.557+0000] {taskinstance.py:2191} INFO - Executing <Task(PythonOperator): extract> on 2026-02-15 16:30:15.918531+00:00
[2026-02-15T16:35:23.562+0000] {standard_task_runner.py:60} INFO - Started process 310 to run task
[2026-02-15T16:35:23.567+0000] {standard_task_runner.py:87} INFO - Running: ['***', 'tasks', 'run', 'etl_finboon__clients', 'extract', 'manual__2026-02-15T16:30:15.918531+00:00', '--job-id', '34', '--raw', '--subdir', 'DAGS_FOLDER/universal_etl_factory.py', '--cfg-path', '/tmp/tmp5lp4ou5w']
[2026-02-15T16:35:23.570+0000] {standard_task_runner.py:88} INFO - Job 34: Subtask extract
[2026-02-15T16:35:23.648+0000] {task_command.py:423} INFO - Running <TaskInstance: etl_finboon__clients.extract manual__2026-02-15T16:30:15.918531+00:00 [running]> on host 544250c3cab2
[2026-02-15T16:35:23.782+0000] {taskinstance.py:2480} INFO - Exporting env vars: AIRFLOW_CTX_DAG_OWNER='***' AIRFLOW_CTX_DAG_ID='etl_finboon__clients' AIRFLOW_CTX_TASK_ID='extract' AIRFLOW_CTX_EXECUTION_DATE='2026-02-15T16:30:15.918531+00:00' AIRFLOW_CTX_TRY_NUMBER='1' AIRFLOW_CTX_DAG_RUN_ID='manual__2026-02-15T16:30:15.918531+00:00'
[2026-02-15T16:35:23.795+0000] {utils.py:16} INFO - Конфигурация загружена: /opt/***/dags/config/tables.yaml
[2026-02-15T16:35:23.796+0000] {universal_etl_factory.py:43} INFO - === EXTRACT Start ===
[2026-02-15T16:35:23.797+0000] {universal_etl_factory.py:44} INFO - Source: finboon.clients
[2026-02-15T16:35:23.797+0000] {universal_etl_factory.py:45} INFO - Job ID: etl_finboon__clients_71aa8c8b
[2026-02-15T16:35:23.839+0000] {connections.py:51} INFO - Подключено к mariadb://10.0.20.2/variant
[2026-02-15T16:35:23.839+0000] {extractor.py:30} INFO - Выгрузка: finboon.clients
[2026-02-15T16:35:49.647+0000] {extractor.py:36} INFO - Извлечено 219795 строк, 19 колонок
[2026-02-15T16:35:49.648+0000] {universal_etl_factory.py:60} INFO - Извлечено 219795 строк
[2026-02-15T16:35:52.377+0000] {extractor.py:56} INFO - CSV сохранён: /opt/***/dags/backups/finboon__clients_20260215_163549_etl_finboon__clients_71aa8c8b.csv (219795 строк)
[2026-02-15T16:35:54.607+0000] {universal_etl_factory.py:90} INFO - === EXTRACT Complete ===
[2026-02-15T16:35:54.667+0000] {python.py:201} INFO - Done. Returned value was: {'job_id': 'etl_finboon__clients_71aa8c8b', 'rows_extracted': 219795, 'temp_file': '/opt/***/dags/temp/etl_finboon__clients_71aa8c8b_data.pkl', 'columns': ['id', 'name', 'surname', 'patronym', 'birth_date', 'birth_place', 'doc_type_id', 'document_serial', 'pinfl', 'citizen_ship_name', 'nationality', 'gender', 'inn', 'photo', 'sap_id', 'parent_id', 'created_at', 'updated_at', 'client_code'], 'csv_backup': '/opt/***/dags/backups/finboon__clients_20260215_163549_etl_finboon__clients_71aa8c8b.csv'}
[2026-02-15T16:35:54.720+0000] {taskinstance.py:1138} INFO - Marking task as SUCCESS. dag_id=etl_finboon__clients, task_id=extract, execution_date=20260215T163015, start_date=20260215T163523, end_date=20260215T163554
[2026-02-15T16:35:54.775+0000] {local_task_job_runner.py:234} INFO - Task exited with return code 0
[2026-02-15T16:35:54.811+0000] {taskinstance.py:3280} INFO - 1 downstream tasks scheduled from follow-on schedule check
