[2026-02-15T17:04:01.159+0000] {taskinstance.py:1956} INFO - Dependencies all met for dep_context=non-requeueable deps ti=<TaskInstance: etl_finboon__client_contracts.load manual__2026-02-15T16:46:49+00:00 [queued]>
[2026-02-15T17:04:01.174+0000] {taskinstance.py:1956} INFO - Dependencies all met for dep_context=requeueable deps ti=<TaskInstance: etl_finboon__client_contracts.load manual__2026-02-15T16:46:49+00:00 [queued]>
[2026-02-15T17:04:01.174+0000] {taskinstance.py:2170} INFO - Starting attempt 2 of 3
[2026-02-15T17:04:01.196+0000] {taskinstance.py:2191} INFO - Executing <Task(PythonOperator): load> on 2026-02-15 16:46:49+00:00
[2026-02-15T17:04:01.206+0000] {standard_task_runner.py:60} INFO - Started process 219 to run task
[2026-02-15T17:04:01.210+0000] {standard_task_runner.py:87} INFO - Running: ['***', 'tasks', 'run', 'etl_finboon__client_contracts', 'load', 'manual__2026-02-15T16:46:49+00:00', '--job-id', '86', '--raw', '--subdir', 'DAGS_FOLDER/universal_etl_factory.py', '--cfg-path', '/tmp/tmp654jyard']
[2026-02-15T17:04:01.213+0000] {standard_task_runner.py:88} INFO - Job 86: Subtask load
[2026-02-15T17:04:01.301+0000] {task_command.py:423} INFO - Running <TaskInstance: etl_finboon__client_contracts.load manual__2026-02-15T16:46:49+00:00 [running]> on host 544250c3cab2
[2026-02-15T17:04:01.440+0000] {taskinstance.py:2480} INFO - Exporting env vars: AIRFLOW_CTX_DAG_OWNER='***' AIRFLOW_CTX_DAG_ID='etl_finboon__client_contracts' AIRFLOW_CTX_TASK_ID='load' AIRFLOW_CTX_EXECUTION_DATE='2026-02-15T16:46:49+00:00' AIRFLOW_CTX_TRY_NUMBER='2' AIRFLOW_CTX_DAG_RUN_ID='manual__2026-02-15T16:46:49+00:00'
[2026-02-15T17:04:01.480+0000] {utils.py:16} INFO - Конфигурация загружена: /opt/***/dags/config/tables.yaml
[2026-02-15T17:04:01.480+0000] {universal_etl_factory.py:183} INFO - === LOAD Start ===
[2026-02-15T17:04:01.481+0000] {universal_etl_factory.py:184} INFO - Target: client_contracts
[2026-02-15T17:04:01.481+0000] {universal_etl_factory.py:185} INFO - Company: company_001
[2026-02-15T17:04:01.481+0000] {universal_etl_factory.py:186} INFO - Job ID: etl_finboon__client_contracts_29bb0c43
[2026-02-15T17:04:01.481+0000] {taskinstance.py:2698} ERROR - Task failed with exception
Traceback (most recent call last):
  File "/home/airflow/.local/lib/python3.8/site-packages/airflow/models/taskinstance.py", line 433, in _execute_task
    result = execute_callable(context=context, **execute_callable_kwargs)
  File "/home/airflow/.local/lib/python3.8/site-packages/airflow/operators/python.py", line 199, in execute
    return_value = self.execute_callable()
  File "/home/airflow/.local/lib/python3.8/site-packages/airflow/operators/python.py", line 216, in execute_callable
    return self.python_callable(*self.op_args, **self.op_kwargs)
  File "/opt/airflow/dags/universal_etl_factory.py", line 190, in load
    with open(transform_file, 'rb') as f:
FileNotFoundError: [Errno 2] No such file or directory: '/opt/airflow/dags/temp/etl_finboon__client_contracts_29bb0c43_transformed.pkl'
[2026-02-15T17:04:01.496+0000] {taskinstance.py:1138} INFO - Marking task as UP_FOR_RETRY. dag_id=etl_finboon__client_contracts, task_id=load, execution_date=20260215T164649, start_date=20260215T170401, end_date=20260215T170401
[2026-02-15T17:04:01.519+0000] {standard_task_runner.py:107} ERROR - Failed to execute job 86 for task load ([Errno 2] No such file or directory: '/opt/airflow/dags/temp/etl_finboon__client_contracts_29bb0c43_transformed.pkl'; 219)
[2026-02-15T17:04:01.544+0000] {local_task_job_runner.py:234} INFO - Task exited with return code 1
[2026-02-15T17:04:01.585+0000] {taskinstance.py:3280} INFO - 0 downstream tasks scheduled from follow-on schedule check
