[2026-02-15T16:37:27.420+0000] {taskinstance.py:1956} INFO - Dependencies all met for dep_context=non-requeueable deps ti=<TaskInstance: etl_finboon__clients.load manual__2026-02-15T16:31:32.627266+00:00 [queued]>
[2026-02-15T16:37:27.431+0000] {taskinstance.py:1956} INFO - Dependencies all met for dep_context=requeueable deps ti=<TaskInstance: etl_finboon__clients.load manual__2026-02-15T16:31:32.627266+00:00 [queued]>
[2026-02-15T16:37:27.432+0000] {taskinstance.py:2170} INFO - Starting attempt 1 of 3
[2026-02-15T16:37:27.450+0000] {taskinstance.py:2191} INFO - Executing <Task(PythonOperator): load> on 2026-02-15 16:31:32.627266+00:00
[2026-02-15T16:37:27.456+0000] {standard_task_runner.py:60} INFO - Started process 346 to run task
[2026-02-15T16:37:27.459+0000] {standard_task_runner.py:87} INFO - Running: ['***', 'tasks', 'run', 'etl_finboon__clients', 'load', 'manual__2026-02-15T16:31:32.627266+00:00', '--job-id', '42', '--raw', '--subdir', 'DAGS_FOLDER/universal_etl_factory.py', '--cfg-path', '/tmp/tmpu69g7uf0']
[2026-02-15T16:37:27.462+0000] {standard_task_runner.py:88} INFO - Job 42: Subtask load
[2026-02-15T16:37:27.534+0000] {task_command.py:423} INFO - Running <TaskInstance: etl_finboon__clients.load manual__2026-02-15T16:31:32.627266+00:00 [running]> on host 544250c3cab2
[2026-02-15T16:37:27.650+0000] {taskinstance.py:2480} INFO - Exporting env vars: AIRFLOW_CTX_DAG_OWNER='***' AIRFLOW_CTX_DAG_ID='etl_finboon__clients' AIRFLOW_CTX_TASK_ID='load' AIRFLOW_CTX_EXECUTION_DATE='2026-02-15T16:31:32.627266+00:00' AIRFLOW_CTX_TRY_NUMBER='1' AIRFLOW_CTX_DAG_RUN_ID='manual__2026-02-15T16:31:32.627266+00:00'
[2026-02-15T16:37:27.687+0000] {utils.py:16} INFO - Конфигурация загружена: /opt/***/dags/config/tables.yaml
[2026-02-15T16:37:27.687+0000] {universal_etl_factory.py:183} INFO - === LOAD Start ===
[2026-02-15T16:37:27.687+0000] {universal_etl_factory.py:184} INFO - Target: clients
[2026-02-15T16:37:27.687+0000] {universal_etl_factory.py:185} INFO - Company: company_001
[2026-02-15T16:37:27.687+0000] {universal_etl_factory.py:186} INFO - Job ID: etl_finboon__clients_cc6c3b8e
[2026-02-15T16:37:28.533+0000] {connections.py:82} INFO - Подключено к ClickHouse: clickhouse
[2026-02-15T16:37:28.538+0000] {loader.py:51} INFO - Таблица clients готова
[2026-02-15T16:37:28.548+0000] {loader.py:60} INFO - Удалены данные схемы finboon из clients
[2026-02-15T16:37:29.861+0000] {loader.py:147} INFO - Загружено 50000/219795
[2026-02-15T16:37:31.162+0000] {loader.py:147} INFO - Загружено 100000/219795
[2026-02-15T16:37:32.433+0000] {loader.py:147} INFO - Загружено 150000/219795
[2026-02-15T16:37:33.802+0000] {loader.py:147} INFO - Загружено 200000/219795
[2026-02-15T16:37:34.353+0000] {loader.py:147} INFO - Загружено 219795/219795
[2026-02-15T16:37:35.160+0000] {loader.py:155} INFO - Таблица clients оптимизирована
[2026-02-15T16:37:35.173+0000] {universal_etl_factory.py:234} INFO - === LOAD Complete: 219795 строк ===
[2026-02-15T16:37:35.264+0000] {python.py:201} INFO - Done. Returned value was: {'job_id': 'etl_finboon__clients_cc6c3b8e', 'rows_loaded': 219795, 'target_table': 'clients', 'company_id': 'company_001'}
[2026-02-15T16:37:35.296+0000] {taskinstance.py:1138} INFO - Marking task as SUCCESS. dag_id=etl_finboon__clients, task_id=load, execution_date=20260215T163132, start_date=20260215T163727, end_date=20260215T163735
[2026-02-15T16:37:35.353+0000] {local_task_job_runner.py:234} INFO - Task exited with return code 0
[2026-02-15T16:37:35.376+0000] {taskinstance.py:3280} INFO - 0 downstream tasks scheduled from follow-on schedule check
