[2026-02-15T16:33:40.159+0000] {taskinstance.py:1956} INFO - Dependencies all met for dep_context=non-requeueable deps ti=<TaskInstance: etl_variant__clients.extract manual__2026-02-01T21:40:05.227070+00:00 [queued]>
[2026-02-15T16:33:40.174+0000] {taskinstance.py:1956} INFO - Dependencies all met for dep_context=requeueable deps ti=<TaskInstance: etl_variant__clients.extract manual__2026-02-01T21:40:05.227070+00:00 [queued]>
[2026-02-15T16:33:40.174+0000] {taskinstance.py:2170} INFO - Starting attempt 1 of 2
[2026-02-15T16:33:40.198+0000] {taskinstance.py:2191} INFO - Executing <Task(PythonOperator): extract> on 2026-02-01 21:40:05.227070+00:00
[2026-02-15T16:33:40.207+0000] {standard_task_runner.py:60} INFO - Started process 279 to run task
[2026-02-15T16:33:40.213+0000] {standard_task_runner.py:87} INFO - Running: ['***', 'tasks', 'run', 'etl_variant__clients', 'extract', 'manual__2026-02-01T21:40:05.227070+00:00', '--job-id', '26', '--raw', '--subdir', 'DAGS_FOLDER/universal_etl_factory.py', '--cfg-path', '/tmp/tmpe8svx7mf']
[2026-02-15T16:33:40.216+0000] {standard_task_runner.py:88} INFO - Job 26: Subtask extract
[2026-02-15T16:33:40.319+0000] {task_command.py:423} INFO - Running <TaskInstance: etl_variant__clients.extract manual__2026-02-01T21:40:05.227070+00:00 [running]> on host 544250c3cab2
[2026-02-15T16:33:40.485+0000] {taskinstance.py:2480} INFO - Exporting env vars: AIRFLOW_CTX_DAG_OWNER='***' AIRFLOW_CTX_DAG_ID='etl_variant__clients' AIRFLOW_CTX_TASK_ID='extract' AIRFLOW_CTX_EXECUTION_DATE='2026-02-01T21:40:05.227070+00:00' AIRFLOW_CTX_TRY_NUMBER='1' AIRFLOW_CTX_DAG_RUN_ID='manual__2026-02-01T21:40:05.227070+00:00'
[2026-02-15T16:33:40.496+0000] {utils.py:16} INFO - Конфигурация загружена: /opt/***/dags/config/tables.yaml
[2026-02-15T16:33:40.497+0000] {universal_etl_factory.py:43} INFO - === EXTRACT Start ===
[2026-02-15T16:33:40.497+0000] {universal_etl_factory.py:44} INFO - Source: variant.clients
[2026-02-15T16:33:40.497+0000] {universal_etl_factory.py:45} INFO - Job ID: etl_variant__clients_3f992ae7
[2026-02-15T16:33:40.540+0000] {connections.py:51} INFO - Подключено к mariadb://10.0.20.2/variant
[2026-02-15T16:33:40.541+0000] {extractor.py:30} INFO - Выгрузка: variant.clients
[2026-02-15T16:35:16.454+0000] {extractor.py:36} INFO - Извлечено 561698 строк, 19 колонок
[2026-02-15T16:35:16.456+0000] {universal_etl_factory.py:60} INFO - Извлечено 561698 строк
[2026-02-15T16:35:23.744+0000] {extractor.py:56} INFO - CSV сохранён: /opt/***/dags/backups/variant__clients_20260215_163516_etl_variant__clients_3f992ae7.csv (561698 строк)
[2026-02-15T16:35:23.746+0000] {extractor.py:67} INFO - Удалено 2 старых бэкапов
[2026-02-15T16:35:31.226+0000] {universal_etl_factory.py:90} INFO - === EXTRACT Complete ===
[2026-02-15T16:35:31.398+0000] {python.py:201} INFO - Done. Returned value was: {'job_id': 'etl_variant__clients_3f992ae7', 'rows_extracted': 561698, 'temp_file': '/opt/***/dags/temp/etl_variant__clients_3f992ae7_data.pkl', 'columns': ['id', 'name', 'surname', 'patronym', 'birth_date', 'birth_place', 'doc_type_id', 'document_serial', 'pinfl', 'citizen_ship_name', 'nationality', 'gender', 'inn', 'photo', 'sap_id', 'parent_id', 'created_at', 'updated_at', 'client_code'], 'csv_backup': '/opt/***/dags/backups/variant__clients_20260215_163516_etl_variant__clients_3f992ae7.csv'}
[2026-02-15T16:35:31.439+0000] {taskinstance.py:1138} INFO - Marking task as SUCCESS. dag_id=etl_variant__clients, task_id=extract, execution_date=20260201T214005, start_date=20260215T163340, end_date=20260215T163531
[2026-02-15T16:35:31.497+0000] {local_task_job_runner.py:234} INFO - Task exited with return code 0
[2026-02-15T16:35:31.542+0000] {taskinstance.py:3280} INFO - 1 downstream tasks scheduled from follow-on schedule check
