[2026-02-01T21:27:21.090+0000] {taskinstance.py:1956} INFO - Dependencies all met for dep_context=non-requeueable deps ti=<TaskInstance: etl_finboon__clients.extract_and_load scheduled__2026-01-31T02:00:00+00:00 [queued]>
[2026-02-01T21:27:21.101+0000] {taskinstance.py:1956} INFO - Dependencies all met for dep_context=requeueable deps ti=<TaskInstance: etl_finboon__clients.extract_and_load scheduled__2026-01-31T02:00:00+00:00 [queued]>
[2026-02-01T21:27:21.102+0000] {taskinstance.py:2170} INFO - Starting attempt 2 of 3
[2026-02-01T21:27:21.127+0000] {taskinstance.py:2191} INFO - Executing <Task(PythonOperator): extract_and_load> on 2026-01-31 02:00:00+00:00
[2026-02-01T21:27:21.132+0000] {standard_task_runner.py:60} INFO - Started process 199 to run task
[2026-02-01T21:27:21.137+0000] {standard_task_runner.py:87} INFO - Running: ['***', 'tasks', 'run', 'etl_finboon__clients', 'extract_and_load', 'scheduled__2026-01-31T02:00:00+00:00', '--job-id', '10', '--raw', '--subdir', 'DAGS_FOLDER/universal_etl_factory.py', '--cfg-path', '/tmp/tmpc9681_y8']
[2026-02-01T21:27:21.139+0000] {standard_task_runner.py:88} INFO - Job 10: Subtask extract_and_load
[2026-02-01T21:27:21.197+0000] {task_command.py:423} INFO - Running <TaskInstance: etl_finboon__clients.extract_and_load scheduled__2026-01-31T02:00:00+00:00 [running]> on host 56795940a6b1
[2026-02-01T21:27:21.287+0000] {taskinstance.py:2480} INFO - Exporting env vars: AIRFLOW_CTX_DAG_OWNER='***' AIRFLOW_CTX_DAG_ID='etl_finboon__clients' AIRFLOW_CTX_TASK_ID='extract_and_load' AIRFLOW_CTX_EXECUTION_DATE='2026-01-31T02:00:00+00:00' AIRFLOW_CTX_TRY_NUMBER='2' AIRFLOW_CTX_DAG_RUN_ID='scheduled__2026-01-31T02:00:00+00:00'
[2026-02-01T21:27:21.295+0000] {utils.py:16} INFO - Конфигурация загружена: /opt/***/dags/config/tables.yaml
[2026-02-01T21:27:21.296+0000] {universal_etl_factory.py:49} INFO - === ETL Start ===
[2026-02-01T21:27:21.296+0000] {universal_etl_factory.py:50} INFO - Source: finboon.clients
[2026-02-01T21:27:21.296+0000] {universal_etl_factory.py:51} INFO - Target: clients
[2026-02-01T21:27:21.296+0000] {universal_etl_factory.py:52} INFO - Company: company_001
[2026-02-01T21:27:21.296+0000] {universal_etl_factory.py:53} INFO - Job ID: etl_finboon__clients_c3e1800a
[2026-02-01T21:27:21.334+0000] {connections.py:51} INFO - Подключено к mariadb://10.0.20.2/variant
[2026-02-01T21:27:21.516+0000] {connections.py:82} INFO - Подключено к ClickHouse: clickhouse
[2026-02-01T21:27:21.517+0000] {extractor.py:30} INFO - Выгрузка: finboon.clients
[2026-02-01T21:27:43.641+0000] {extractor.py:36} INFO - Извлечено 219795 строк, 19 колонок
[2026-02-01T21:27:45.704+0000] {extractor.py:56} INFO - CSV сохранён: /opt/***/dags/backups/finboon__clients_20260201_212743_etl_finboon__clients_c3e1800a.csv (219795 строк)
[2026-02-01T21:27:45.712+0000] {type_mapper.py:69} INFO - Проанализировано 19 колонок
[2026-02-01T21:27:45.733+0000] {loader.py:62} INFO - Таблица clients готова
[2026-02-01T21:27:45.742+0000] {loader.py:71} INFO - Удалены старые данные схемы finboon из clients
[2026-02-01T21:27:48.877+0000] {loader.py:120} INFO - Загружено 50000/219795 строк
[2026-02-01T21:27:50.307+0000] {loader.py:120} INFO - Загружено 100000/219795 строк
[2026-02-01T21:27:51.822+0000] {loader.py:120} INFO - Загружено 150000/219795 строк
[2026-02-01T21:27:53.135+0000] {loader.py:120} INFO - Загружено 200000/219795 строк
[2026-02-01T21:27:53.706+0000] {loader.py:120} INFO - Загружено 219795/219795 строк
[2026-02-01T21:27:53.882+0000] {loader.py:128} INFO - Таблица clients оптимизирована
[2026-02-01T21:27:53.883+0000] {universal_etl_factory.py:127} INFO - === ETL Complete: {'source': 'finboon.clients', 'target': 'clients', 'company_id': 'company_001', 'job_id': 'etl_finboon__clients_c3e1800a', 'rows_extracted': 219795, 'rows_loaded': 219795, 'csv_backup': '/opt/***/dags/backups/finboon__clients_20260201_212743_etl_finboon__clients_c3e1800a.csv'} ===
[2026-02-01T21:27:53.961+0000] {python.py:201} INFO - Done. Returned value was: {'source': 'finboon.clients', 'target': 'clients', 'company_id': 'company_001', 'job_id': 'etl_finboon__clients_c3e1800a', 'rows_extracted': 219795, 'rows_loaded': 219795, 'csv_backup': '/opt/***/dags/backups/finboon__clients_20260201_212743_etl_finboon__clients_c3e1800a.csv'}
[2026-02-01T21:27:53.995+0000] {taskinstance.py:1138} INFO - Marking task as SUCCESS. dag_id=etl_finboon__clients, task_id=extract_and_load, execution_date=20260131T020000, start_date=20260201T212721, end_date=20260201T212753
[2026-02-01T21:27:54.020+0000] {local_task_job_runner.py:234} INFO - Task exited with return code 0
[2026-02-01T21:27:54.044+0000] {taskinstance.py:3280} INFO - 0 downstream tasks scheduled from follow-on schedule check
