[2026-02-15T17:04:08.419+0000] {taskinstance.py:1956} INFO - Dependencies all met for dep_context=non-requeueable deps ti=<TaskInstance: etl_variant__client_contracts.load manual__2026-02-15T17:00:59.203576+00:00 [queued]>
[2026-02-15T17:04:08.429+0000] {taskinstance.py:1956} INFO - Dependencies all met for dep_context=requeueable deps ti=<TaskInstance: etl_variant__client_contracts.load manual__2026-02-15T17:00:59.203576+00:00 [queued]>
[2026-02-15T17:04:08.429+0000] {taskinstance.py:2170} INFO - Starting attempt 1 of 3
[2026-02-15T17:04:08.448+0000] {taskinstance.py:2191} INFO - Executing <Task(PythonOperator): load> on 2026-02-15 17:00:59.203576+00:00
[2026-02-15T17:04:08.456+0000] {standard_task_runner.py:60} INFO - Started process 221 to run task
[2026-02-15T17:04:08.461+0000] {standard_task_runner.py:87} INFO - Running: ['***', 'tasks', 'run', 'etl_variant__client_contracts', 'load', 'manual__2026-02-15T17:00:59.203576+00:00', '--job-id', '87', '--raw', '--subdir', 'DAGS_FOLDER/universal_etl_factory.py', '--cfg-path', '/tmp/tmp0_wwp3hu']
[2026-02-15T17:04:08.463+0000] {standard_task_runner.py:88} INFO - Job 87: Subtask load
[2026-02-15T17:04:08.545+0000] {task_command.py:423} INFO - Running <TaskInstance: etl_variant__client_contracts.load manual__2026-02-15T17:00:59.203576+00:00 [running]> on host 544250c3cab2
[2026-02-15T17:04:08.656+0000] {taskinstance.py:2480} INFO - Exporting env vars: AIRFLOW_CTX_DAG_OWNER='***' AIRFLOW_CTX_DAG_ID='etl_variant__client_contracts' AIRFLOW_CTX_TASK_ID='load' AIRFLOW_CTX_EXECUTION_DATE='2026-02-15T17:00:59.203576+00:00' AIRFLOW_CTX_TRY_NUMBER='1' AIRFLOW_CTX_DAG_RUN_ID='manual__2026-02-15T17:00:59.203576+00:00'
[2026-02-15T17:04:08.695+0000] {utils.py:16} INFO - Конфигурация загружена: /opt/***/dags/config/tables.yaml
[2026-02-15T17:04:08.695+0000] {universal_etl_factory.py:183} INFO - === LOAD Start ===
[2026-02-15T17:04:08.695+0000] {universal_etl_factory.py:184} INFO - Target: client_contracts
[2026-02-15T17:04:08.695+0000] {universal_etl_factory.py:185} INFO - Company: company_002
[2026-02-15T17:04:08.695+0000] {universal_etl_factory.py:186} INFO - Job ID: etl_variant__client_contracts_756f6cd3
[2026-02-15T17:04:11.901+0000] {connections.py:82} INFO - Подключено к ClickHouse: clickhouse
[2026-02-15T17:04:11.924+0000] {loader.py:67} INFO - Таблица client_contracts готова
[2026-02-15T17:04:11.934+0000] {loader.py:76} INFO - Удалены данные схемы variant из client_contracts
[2026-02-15T17:04:13.862+0000] {loader.py:173} INFO - Загружено 50000/633169
[2026-02-15T17:04:15.792+0000] {loader.py:173} INFO - Загружено 100000/633169
[2026-02-15T17:04:17.877+0000] {loader.py:173} INFO - Загружено 150000/633169
[2026-02-15T17:04:19.941+0000] {loader.py:173} INFO - Загружено 200000/633169
[2026-02-15T17:04:22.174+0000] {loader.py:173} INFO - Загружено 250000/633169
[2026-02-15T17:04:24.322+0000] {loader.py:173} INFO - Загружено 300000/633169
[2026-02-15T17:04:26.511+0000] {loader.py:173} INFO - Загружено 350000/633169
[2026-02-15T17:04:28.451+0000] {loader.py:173} INFO - Загружено 400000/633169
[2026-02-15T17:04:33.199+0000] {loader.py:173} INFO - Загружено 450000/633169
[2026-02-15T17:04:35.590+0000] {loader.py:173} INFO - Загружено 500000/633169
[2026-02-15T17:04:37.766+0000] {loader.py:173} INFO - Загружено 550000/633169
[2026-02-15T17:04:39.868+0000] {loader.py:173} INFO - Загружено 600000/633169
[2026-02-15T17:04:41.269+0000] {loader.py:173} INFO - Загружено 633169/633169
[2026-02-15T17:04:42.225+0000] {loader.py:181} INFO - Таблица client_contracts оптимизирована
[2026-02-15T17:04:42.290+0000] {universal_etl_factory.py:234} INFO - === LOAD Complete: 633169 строк ===
[2026-02-15T17:04:42.683+0000] {python.py:201} INFO - Done. Returned value was: {'job_id': 'etl_variant__client_contracts_756f6cd3', 'rows_loaded': 633169, 'target_table': 'client_contracts', 'company_id': 'company_002'}
[2026-02-15T17:04:42.719+0000] {taskinstance.py:1138} INFO - Marking task as SUCCESS. dag_id=etl_variant__client_contracts, task_id=load, execution_date=20260215T170059, start_date=20260215T170408, end_date=20260215T170442
[2026-02-15T17:04:42.784+0000] {local_task_job_runner.py:234} INFO - Task exited with return code 0
[2026-02-15T17:04:42.819+0000] {taskinstance.py:3280} INFO - 0 downstream tasks scheduled from follow-on schedule check
