[2026-02-15T16:40:25.013+0000] {taskinstance.py:1956} INFO - Dependencies all met for dep_context=non-requeueable deps ti=<TaskInstance: etl_finboon__clients.load manual__2026-02-15T16:38:57.984160+00:00 [queued]>
[2026-02-15T16:40:25.025+0000] {taskinstance.py:1956} INFO - Dependencies all met for dep_context=requeueable deps ti=<TaskInstance: etl_finboon__clients.load manual__2026-02-15T16:38:57.984160+00:00 [queued]>
[2026-02-15T16:40:25.025+0000] {taskinstance.py:2170} INFO - Starting attempt 1 of 3
[2026-02-15T16:40:25.044+0000] {taskinstance.py:2191} INFO - Executing <Task(PythonOperator): load> on 2026-02-15 16:38:57.984160+00:00
[2026-02-15T16:40:25.050+0000] {standard_task_runner.py:60} INFO - Started process 394 to run task
[2026-02-15T16:40:25.055+0000] {standard_task_runner.py:87} INFO - Running: ['***', 'tasks', 'run', 'etl_finboon__clients', 'load', 'manual__2026-02-15T16:38:57.984160+00:00', '--job-id', '50', '--raw', '--subdir', 'DAGS_FOLDER/universal_etl_factory.py', '--cfg-path', '/tmp/tmpyc508p26']
[2026-02-15T16:40:25.058+0000] {standard_task_runner.py:88} INFO - Job 50: Subtask load
[2026-02-15T16:40:25.132+0000] {task_command.py:423} INFO - Running <TaskInstance: etl_finboon__clients.load manual__2026-02-15T16:38:57.984160+00:00 [running]> on host 544250c3cab2
[2026-02-15T16:40:25.272+0000] {taskinstance.py:2480} INFO - Exporting env vars: AIRFLOW_CTX_DAG_OWNER='***' AIRFLOW_CTX_DAG_ID='etl_finboon__clients' AIRFLOW_CTX_TASK_ID='load' AIRFLOW_CTX_EXECUTION_DATE='2026-02-15T16:38:57.984160+00:00' AIRFLOW_CTX_TRY_NUMBER='1' AIRFLOW_CTX_DAG_RUN_ID='manual__2026-02-15T16:38:57.984160+00:00'
[2026-02-15T16:40:25.313+0000] {utils.py:16} INFO - Конфигурация загружена: /opt/***/dags/config/tables.yaml
[2026-02-15T16:40:25.314+0000] {universal_etl_factory.py:183} INFO - === LOAD Start ===
[2026-02-15T16:40:25.314+0000] {universal_etl_factory.py:184} INFO - Target: clients
[2026-02-15T16:40:25.315+0000] {universal_etl_factory.py:185} INFO - Company: company_001
[2026-02-15T16:40:25.315+0000] {universal_etl_factory.py:186} INFO - Job ID: etl_finboon__clients_3d2c3eee
[2026-02-15T16:40:26.271+0000] {connections.py:82} INFO - Подключено к ClickHouse: clickhouse
[2026-02-15T16:40:26.275+0000] {loader.py:51} INFO - Таблица clients готова
[2026-02-15T16:40:26.286+0000] {loader.py:60} INFO - Удалены данные схемы finboon из clients
[2026-02-15T16:40:27.706+0000] {loader.py:147} INFO - Загружено 50000/219795
[2026-02-15T16:40:29.025+0000] {loader.py:147} INFO - Загружено 100000/219795
[2026-02-15T16:40:30.328+0000] {loader.py:147} INFO - Загружено 150000/219795
[2026-02-15T16:40:31.967+0000] {loader.py:147} INFO - Загружено 200000/219795
[2026-02-15T16:40:32.658+0000] {loader.py:147} INFO - Загружено 219795/219795
[2026-02-15T16:40:33.482+0000] {loader.py:155} INFO - Таблица clients оптимизирована
[2026-02-15T16:40:33.499+0000] {universal_etl_factory.py:234} INFO - === LOAD Complete: 219795 строк ===
[2026-02-15T16:40:33.616+0000] {python.py:201} INFO - Done. Returned value was: {'job_id': 'etl_finboon__clients_3d2c3eee', 'rows_loaded': 219795, 'target_table': 'clients', 'company_id': 'company_001'}
[2026-02-15T16:40:33.655+0000] {taskinstance.py:1138} INFO - Marking task as SUCCESS. dag_id=etl_finboon__clients, task_id=load, execution_date=20260215T163857, start_date=20260215T164025, end_date=20260215T164033
[2026-02-15T16:40:33.711+0000] {local_task_job_runner.py:234} INFO - Task exited with return code 0
[2026-02-15T16:40:33.744+0000] {taskinstance.py:3280} INFO - 0 downstream tasks scheduled from follow-on schedule check
