[2026-02-15T16:28:18.687+0000] {taskinstance.py:1956} INFO - Dependencies all met for dep_context=non-requeueable deps ti=<TaskInstance: etl_finboon__clients.extract scheduled__2026-02-14T02:00:00+00:00 [queued]>
[2026-02-15T16:28:18.698+0000] {taskinstance.py:1956} INFO - Dependencies all met for dep_context=requeueable deps ti=<TaskInstance: etl_finboon__clients.extract scheduled__2026-02-14T02:00:00+00:00 [queued]>
[2026-02-15T16:28:18.699+0000] {taskinstance.py:2170} INFO - Starting attempt 1 of 2
[2026-02-15T16:28:18.718+0000] {taskinstance.py:2191} INFO - Executing <Task(PythonOperator): extract> on 2026-02-14 02:00:00+00:00
[2026-02-15T16:28:18.727+0000] {standard_task_runner.py:60} INFO - Started process 215 to run task
[2026-02-15T16:28:18.732+0000] {standard_task_runner.py:87} INFO - Running: ['***', 'tasks', 'run', 'etl_finboon__clients', 'extract', 'scheduled__2026-02-14T02:00:00+00:00', '--job-id', '19', '--raw', '--subdir', 'DAGS_FOLDER/universal_etl_factory.py', '--cfg-path', '/tmp/tmpnv7tutuu']
[2026-02-15T16:28:18.735+0000] {standard_task_runner.py:88} INFO - Job 19: Subtask extract
[2026-02-15T16:28:18.831+0000] {task_command.py:423} INFO - Running <TaskInstance: etl_finboon__clients.extract scheduled__2026-02-14T02:00:00+00:00 [running]> on host 544250c3cab2
[2026-02-15T16:28:19.002+0000] {taskinstance.py:2480} INFO - Exporting env vars: AIRFLOW_CTX_DAG_OWNER='***' AIRFLOW_CTX_DAG_ID='etl_finboon__clients' AIRFLOW_CTX_TASK_ID='extract' AIRFLOW_CTX_EXECUTION_DATE='2026-02-14T02:00:00+00:00' AIRFLOW_CTX_TRY_NUMBER='1' AIRFLOW_CTX_DAG_RUN_ID='scheduled__2026-02-14T02:00:00+00:00'
[2026-02-15T16:28:19.020+0000] {utils.py:16} INFO - Конфигурация загружена: /opt/***/dags/config/tables.yaml
[2026-02-15T16:28:19.021+0000] {universal_etl_factory.py:43} INFO - === EXTRACT Start ===
[2026-02-15T16:28:19.022+0000] {universal_etl_factory.py:44} INFO - Source: finboon.clients
[2026-02-15T16:28:19.022+0000] {universal_etl_factory.py:45} INFO - Job ID: etl_finboon__clients_29ed05cc
[2026-02-15T16:28:50.807+0000] {taskinstance.py:2698} ERROR - Task failed with exception
Traceback (most recent call last):
  File "/home/airflow/.local/lib/python3.8/site-packages/pymysql/connections.py", line 644, in connect
    sock = socket.create_connection(
  File "/usr/local/lib/python3.8/socket.py", line 808, in create_connection
    raise err
  File "/usr/local/lib/python3.8/socket.py", line 796, in create_connection
    sock.connect(sa)
socket.timeout: timed out

During handling of the above exception, another exception occurred:

Traceback (most recent call last):
  File "/home/airflow/.local/lib/python3.8/site-packages/airflow/models/taskinstance.py", line 433, in _execute_task
    result = execute_callable(context=context, **execute_callable_kwargs)
  File "/home/airflow/.local/lib/python3.8/site-packages/airflow/operators/python.py", line 199, in execute
    return_value = self.execute_callable()
  File "/home/airflow/.local/lib/python3.8/site-packages/airflow/operators/python.py", line 216, in execute_callable
    return self.python_callable(*self.op_args, **self.op_kwargs)
  File "/opt/airflow/dags/universal_etl_factory.py", line 50, in extract
    with source_connection(config['source_db']) as source_conn:
  File "/usr/local/lib/python3.8/contextlib.py", line 113, in __enter__
    return next(self.gen)
  File "/opt/airflow/dags/etl/connections.py", line 100, in source_connection
    conn.connect()
  File "/opt/airflow/dags/etl/connections.py", line 29, in connect
    self._connection = pymysql.connect(
  File "/home/airflow/.local/lib/python3.8/site-packages/pymysql/connections.py", line 358, in __init__
    self.connect()
  File "/home/airflow/.local/lib/python3.8/site-packages/pymysql/connections.py", line 711, in connect
    raise exc
pymysql.err.OperationalError: (2003, "Can't connect to MySQL server on '10.0.20.2' (timed out)")
[2026-02-15T16:28:50.832+0000] {taskinstance.py:1138} INFO - Marking task as UP_FOR_RETRY. dag_id=etl_finboon__clients, task_id=extract, execution_date=20260214T020000, start_date=20260215T162818, end_date=20260215T162850
[2026-02-15T16:28:50.869+0000] {standard_task_runner.py:107} ERROR - Failed to execute job 19 for task extract ((2003, "Can't connect to MySQL server on '10.0.20.2' (timed out)"); 215)
[2026-02-15T16:28:50.914+0000] {local_task_job_runner.py:234} INFO - Task exited with return code 1
[2026-02-15T16:28:50.958+0000] {taskinstance.py:3280} INFO - 0 downstream tasks scheduled from follow-on schedule check
