[2026-02-15T16:32:17.075+0000] {taskinstance.py:1956} INFO - Dependencies all met for dep_context=non-requeueable deps ti=<TaskInstance: etl_finboon__clients.extract scheduled__2026-02-14T02:00:00+00:00 [queued]>
[2026-02-15T16:32:17.088+0000] {taskinstance.py:1956} INFO - Dependencies all met for dep_context=requeueable deps ti=<TaskInstance: etl_finboon__clients.extract scheduled__2026-02-14T02:00:00+00:00 [queued]>
[2026-02-15T16:32:17.088+0000] {taskinstance.py:2170} INFO - Starting attempt 2 of 3
[2026-02-15T16:32:17.106+0000] {taskinstance.py:2191} INFO - Executing <Task(PythonOperator): extract> on 2026-02-14 02:00:00+00:00
[2026-02-15T16:32:17.112+0000] {standard_task_runner.py:60} INFO - Started process 252 to run task
[2026-02-15T16:32:17.117+0000] {standard_task_runner.py:87} INFO - Running: ['***', 'tasks', 'run', 'etl_finboon__clients', 'extract', 'scheduled__2026-02-14T02:00:00+00:00', '--job-id', '20', '--raw', '--subdir', 'DAGS_FOLDER/universal_etl_factory.py', '--cfg-path', '/tmp/tmpmnvjntaz']
[2026-02-15T16:32:17.120+0000] {standard_task_runner.py:88} INFO - Job 20: Subtask extract
[2026-02-15T16:32:17.208+0000] {task_command.py:423} INFO - Running <TaskInstance: etl_finboon__clients.extract scheduled__2026-02-14T02:00:00+00:00 [running]> on host 544250c3cab2
[2026-02-15T16:32:17.366+0000] {taskinstance.py:2480} INFO - Exporting env vars: AIRFLOW_CTX_DAG_OWNER='***' AIRFLOW_CTX_DAG_ID='etl_finboon__clients' AIRFLOW_CTX_TASK_ID='extract' AIRFLOW_CTX_EXECUTION_DATE='2026-02-14T02:00:00+00:00' AIRFLOW_CTX_TRY_NUMBER='2' AIRFLOW_CTX_DAG_RUN_ID='scheduled__2026-02-14T02:00:00+00:00'
[2026-02-15T16:32:17.382+0000] {utils.py:16} INFO - Конфигурация загружена: /opt/***/dags/config/tables.yaml
[2026-02-15T16:32:17.387+0000] {universal_etl_factory.py:43} INFO - === EXTRACT Start ===
[2026-02-15T16:32:17.387+0000] {universal_etl_factory.py:44} INFO - Source: finboon.clients
[2026-02-15T16:32:17.387+0000] {universal_etl_factory.py:45} INFO - Job ID: etl_finboon__clients_29ed05cc
[2026-02-15T16:32:17.435+0000] {connections.py:51} INFO - Подключено к mariadb://10.0.20.2/variant
[2026-02-15T16:32:17.436+0000] {extractor.py:30} INFO - Выгрузка: finboon.clients
[2026-02-15T16:32:44.371+0000] {extractor.py:36} INFO - Извлечено 219795 строк, 19 колонок
[2026-02-15T16:32:44.373+0000] {universal_etl_factory.py:60} INFO - Извлечено 219795 строк
[2026-02-15T16:32:46.758+0000] {extractor.py:56} INFO - CSV сохранён: /opt/***/dags/backups/finboon__clients_20260215_163244_etl_finboon__clients_29ed05cc.csv (219795 строк)
[2026-02-15T16:32:46.760+0000] {extractor.py:67} INFO - Удалено 3 старых бэкапов
[2026-02-15T16:32:48.596+0000] {universal_etl_factory.py:90} INFO - === EXTRACT Complete ===
[2026-02-15T16:32:48.656+0000] {python.py:201} INFO - Done. Returned value was: {'job_id': 'etl_finboon__clients_29ed05cc', 'rows_extracted': 219795, 'temp_file': '/opt/***/dags/temp/etl_finboon__clients_29ed05cc_data.pkl', 'columns': ['id', 'name', 'surname', 'patronym', 'birth_date', 'birth_place', 'doc_type_id', 'document_serial', 'pinfl', 'citizen_ship_name', 'nationality', 'gender', 'inn', 'photo', 'sap_id', 'parent_id', 'created_at', 'updated_at', 'client_code'], 'csv_backup': '/opt/***/dags/backups/finboon__clients_20260215_163244_etl_finboon__clients_29ed05cc.csv'}
[2026-02-15T16:32:48.697+0000] {taskinstance.py:1138} INFO - Marking task as SUCCESS. dag_id=etl_finboon__clients, task_id=extract, execution_date=20260214T020000, start_date=20260215T163217, end_date=20260215T163248
[2026-02-15T16:32:48.727+0000] {local_task_job_runner.py:234} INFO - Task exited with return code 0
[2026-02-15T16:32:48.758+0000] {taskinstance.py:3280} INFO - 0 downstream tasks scheduled from follow-on schedule check
