[2026-02-15T16:35:11.939+0000] {taskinstance.py:1956} INFO - Dependencies all met for dep_context=non-requeueable deps ti=<TaskInstance: etl_finboon__clients.load manual__2026-02-15T16:29:37.691513+00:00 [queued]>
[2026-02-15T16:35:11.950+0000] {taskinstance.py:1956} INFO - Dependencies all met for dep_context=requeueable deps ti=<TaskInstance: etl_finboon__clients.load manual__2026-02-15T16:29:37.691513+00:00 [queued]>
[2026-02-15T16:35:11.951+0000] {taskinstance.py:2170} INFO - Starting attempt 1 of 3
[2026-02-15T16:35:11.969+0000] {taskinstance.py:2191} INFO - Executing <Task(PythonOperator): load> on 2026-02-15 16:29:37.691513+00:00
[2026-02-15T16:35:11.975+0000] {standard_task_runner.py:60} INFO - Started process 308 to run task
[2026-02-15T16:35:11.980+0000] {standard_task_runner.py:87} INFO - Running: ['***', 'tasks', 'run', 'etl_finboon__clients', 'load', 'manual__2026-02-15T16:29:37.691513+00:00', '--job-id', '33', '--raw', '--subdir', 'DAGS_FOLDER/universal_etl_factory.py', '--cfg-path', '/tmp/tmpkftxf42g']
[2026-02-15T16:35:11.983+0000] {standard_task_runner.py:88} INFO - Job 33: Subtask load
[2026-02-15T16:35:12.064+0000] {task_command.py:423} INFO - Running <TaskInstance: etl_finboon__clients.load manual__2026-02-15T16:29:37.691513+00:00 [running]> on host 544250c3cab2
[2026-02-15T16:35:12.199+0000] {taskinstance.py:2480} INFO - Exporting env vars: AIRFLOW_CTX_DAG_OWNER='***' AIRFLOW_CTX_DAG_ID='etl_finboon__clients' AIRFLOW_CTX_TASK_ID='load' AIRFLOW_CTX_EXECUTION_DATE='2026-02-15T16:29:37.691513+00:00' AIRFLOW_CTX_TRY_NUMBER='1' AIRFLOW_CTX_DAG_RUN_ID='manual__2026-02-15T16:29:37.691513+00:00'
[2026-02-15T16:35:12.248+0000] {utils.py:16} INFO - Конфигурация загружена: /opt/***/dags/config/tables.yaml
[2026-02-15T16:35:12.249+0000] {universal_etl_factory.py:183} INFO - === LOAD Start ===
[2026-02-15T16:35:12.249+0000] {universal_etl_factory.py:184} INFO - Target: clients
[2026-02-15T16:35:12.249+0000] {universal_etl_factory.py:185} INFO - Company: company_001
[2026-02-15T16:35:12.249+0000] {universal_etl_factory.py:186} INFO - Job ID: etl_finboon__clients_6efebac5
[2026-02-15T16:35:13.355+0000] {connections.py:82} INFO - Подключено к ClickHouse: clickhouse
[2026-02-15T16:35:13.359+0000] {loader.py:51} INFO - Таблица clients готова
[2026-02-15T16:35:13.368+0000] {loader.py:60} INFO - Удалены данные схемы finboon из clients
[2026-02-15T16:35:14.943+0000] {loader.py:147} INFO - Загружено 50000/219795
[2026-02-15T16:35:16.451+0000] {loader.py:147} INFO - Загружено 100000/219795
[2026-02-15T16:35:17.947+0000] {loader.py:147} INFO - Загружено 150000/219795
[2026-02-15T16:35:19.481+0000] {loader.py:147} INFO - Загружено 200000/219795
[2026-02-15T16:35:20.117+0000] {loader.py:147} INFO - Загружено 219795/219795
[2026-02-15T16:35:20.986+0000] {loader.py:155} INFO - Таблица clients оптимизирована
[2026-02-15T16:35:21.005+0000] {universal_etl_factory.py:234} INFO - === LOAD Complete: 219795 строк ===
[2026-02-15T16:35:21.104+0000] {python.py:201} INFO - Done. Returned value was: {'job_id': 'etl_finboon__clients_6efebac5', 'rows_loaded': 219795, 'target_table': 'clients', 'company_id': 'company_001'}
[2026-02-15T16:35:21.141+0000] {taskinstance.py:1138} INFO - Marking task as SUCCESS. dag_id=etl_finboon__clients, task_id=load, execution_date=20260215T162937, start_date=20260215T163511, end_date=20260215T163521
[2026-02-15T16:35:21.167+0000] {local_task_job_runner.py:234} INFO - Task exited with return code 0
[2026-02-15T16:35:21.187+0000] {taskinstance.py:3280} INFO - 0 downstream tasks scheduled from follow-on schedule check
