[2026-02-01T21:27:58.436+0000] {taskinstance.py:1956} INFO - Dependencies all met for dep_context=non-requeueable deps ti=<TaskInstance: etl_finboon__clients.extract_and_load manual__2026-02-01T21:21:52.458910+00:00 [queued]>
[2026-02-01T21:27:58.443+0000] {taskinstance.py:1956} INFO - Dependencies all met for dep_context=requeueable deps ti=<TaskInstance: etl_finboon__clients.extract_and_load manual__2026-02-01T21:21:52.458910+00:00 [queued]>
[2026-02-01T21:27:58.443+0000] {taskinstance.py:2170} INFO - Starting attempt 1 of 3
[2026-02-01T21:27:58.457+0000] {taskinstance.py:2191} INFO - Executing <Task(PythonOperator): extract_and_load> on 2026-02-01 21:21:52.458910+00:00
[2026-02-01T21:27:58.460+0000] {standard_task_runner.py:60} INFO - Started process 211 to run task
[2026-02-01T21:27:58.465+0000] {standard_task_runner.py:87} INFO - Running: ['***', 'tasks', 'run', 'etl_finboon__clients', 'extract_and_load', 'manual__2026-02-01T21:21:52.458910+00:00', '--job-id', '11', '--raw', '--subdir', 'DAGS_FOLDER/universal_etl_factory.py', '--cfg-path', '/tmp/tmpbhxv9gzj']
[2026-02-01T21:27:58.466+0000] {standard_task_runner.py:88} INFO - Job 11: Subtask extract_and_load
[2026-02-01T21:27:58.516+0000] {task_command.py:423} INFO - Running <TaskInstance: etl_finboon__clients.extract_and_load manual__2026-02-01T21:21:52.458910+00:00 [running]> on host 56795940a6b1
[2026-02-01T21:27:58.594+0000] {taskinstance.py:2480} INFO - Exporting env vars: AIRFLOW_CTX_DAG_OWNER='***' AIRFLOW_CTX_DAG_ID='etl_finboon__clients' AIRFLOW_CTX_TASK_ID='extract_and_load' AIRFLOW_CTX_EXECUTION_DATE='2026-02-01T21:21:52.458910+00:00' AIRFLOW_CTX_TRY_NUMBER='1' AIRFLOW_CTX_DAG_RUN_ID='manual__2026-02-01T21:21:52.458910+00:00'
[2026-02-01T21:27:58.601+0000] {utils.py:16} INFO - Конфигурация загружена: /opt/***/dags/config/tables.yaml
[2026-02-01T21:27:58.602+0000] {universal_etl_factory.py:49} INFO - === ETL Start ===
[2026-02-01T21:27:58.602+0000] {universal_etl_factory.py:50} INFO - Source: finboon.clients
[2026-02-01T21:27:58.602+0000] {universal_etl_factory.py:51} INFO - Target: clients
[2026-02-01T21:27:58.602+0000] {universal_etl_factory.py:52} INFO - Company: company_001
[2026-02-01T21:27:58.602+0000] {universal_etl_factory.py:53} INFO - Job ID: etl_finboon__clients_9f28fb30
[2026-02-01T21:27:58.629+0000] {connections.py:51} INFO - Подключено к mariadb://10.0.20.2/variant
[2026-02-01T21:27:58.768+0000] {connections.py:82} INFO - Подключено к ClickHouse: clickhouse
[2026-02-01T21:27:58.768+0000] {extractor.py:30} INFO - Выгрузка: finboon.clients
[2026-02-01T21:28:22.721+0000] {extractor.py:36} INFO - Извлечено 219795 строк, 19 колонок
[2026-02-01T21:28:24.592+0000] {extractor.py:56} INFO - CSV сохранён: /opt/***/dags/backups/finboon__clients_20260201_212822_etl_finboon__clients_9f28fb30.csv (219795 строк)
[2026-02-01T21:28:24.598+0000] {type_mapper.py:69} INFO - Проанализировано 19 колонок
[2026-02-01T21:28:24.604+0000] {loader.py:62} INFO - Таблица clients готова
[2026-02-01T21:28:24.612+0000] {loader.py:71} INFO - Удалены старые данные схемы finboon из clients
[2026-02-01T21:28:26.121+0000] {loader.py:120} INFO - Загружено 50000/219795 строк
[2026-02-01T21:28:27.543+0000] {loader.py:120} INFO - Загружено 100000/219795 строк
[2026-02-01T21:28:29.003+0000] {loader.py:120} INFO - Загружено 150000/219795 строк
[2026-02-01T21:28:30.556+0000] {loader.py:120} INFO - Загружено 200000/219795 строк
[2026-02-01T21:28:31.213+0000] {loader.py:120} INFO - Загружено 219795/219795 строк
[2026-02-01T21:28:31.399+0000] {loader.py:128} INFO - Таблица clients оптимизирована
[2026-02-01T21:28:31.400+0000] {universal_etl_factory.py:127} INFO - === ETL Complete: {'source': 'finboon.clients', 'target': 'clients', 'company_id': 'company_001', 'job_id': 'etl_finboon__clients_9f28fb30', 'rows_extracted': 219795, 'rows_loaded': 219795, 'csv_backup': '/opt/***/dags/backups/finboon__clients_20260201_212822_etl_finboon__clients_9f28fb30.csv'} ===
[2026-02-01T21:28:31.501+0000] {python.py:201} INFO - Done. Returned value was: {'source': 'finboon.clients', 'target': 'clients', 'company_id': 'company_001', 'job_id': 'etl_finboon__clients_9f28fb30', 'rows_extracted': 219795, 'rows_loaded': 219795, 'csv_backup': '/opt/***/dags/backups/finboon__clients_20260201_212822_etl_finboon__clients_9f28fb30.csv'}
[2026-02-01T21:28:31.539+0000] {taskinstance.py:1138} INFO - Marking task as SUCCESS. dag_id=etl_finboon__clients, task_id=extract_and_load, execution_date=20260201T212152, start_date=20260201T212758, end_date=20260201T212831
[2026-02-01T21:28:31.581+0000] {local_task_job_runner.py:234} INFO - Task exited with return code 0
[2026-02-01T21:28:31.608+0000] {taskinstance.py:3280} INFO - 0 downstream tasks scheduled from follow-on schedule check
