[2026-02-15T17:07:48.874+0000] {taskinstance.py:1956} INFO - Dependencies all met for dep_context=non-requeueable deps ti=<TaskInstance: etl_finboon__client_contracts.load manual__2026-02-15T17:05:36.672713+00:00 [queued]>
[2026-02-15T17:07:48.889+0000] {taskinstance.py:1956} INFO - Dependencies all met for dep_context=requeueable deps ti=<TaskInstance: etl_finboon__client_contracts.load manual__2026-02-15T17:05:36.672713+00:00 [queued]>
[2026-02-15T17:07:48.890+0000] {taskinstance.py:2170} INFO - Starting attempt 1 of 3
[2026-02-15T17:07:48.915+0000] {taskinstance.py:2191} INFO - Executing <Task(PythonOperator): load> on 2026-02-15 17:05:36.672713+00:00
[2026-02-15T17:07:48.924+0000] {standard_task_runner.py:60} INFO - Started process 268 to run task
[2026-02-15T17:07:48.929+0000] {standard_task_runner.py:87} INFO - Running: ['***', 'tasks', 'run', 'etl_finboon__client_contracts', 'load', 'manual__2026-02-15T17:05:36.672713+00:00', '--job-id', '93', '--raw', '--subdir', 'DAGS_FOLDER/universal_etl_factory.py', '--cfg-path', '/tmp/tmp_1ihvj_8']
[2026-02-15T17:07:48.932+0000] {standard_task_runner.py:88} INFO - Job 93: Subtask load
[2026-02-15T17:07:49.029+0000] {task_command.py:423} INFO - Running <TaskInstance: etl_finboon__client_contracts.load manual__2026-02-15T17:05:36.672713+00:00 [running]> on host 544250c3cab2
[2026-02-15T17:07:49.200+0000] {taskinstance.py:2480} INFO - Exporting env vars: AIRFLOW_CTX_DAG_OWNER='***' AIRFLOW_CTX_DAG_ID='etl_finboon__client_contracts' AIRFLOW_CTX_TASK_ID='load' AIRFLOW_CTX_EXECUTION_DATE='2026-02-15T17:05:36.672713+00:00' AIRFLOW_CTX_TRY_NUMBER='1' AIRFLOW_CTX_DAG_RUN_ID='manual__2026-02-15T17:05:36.672713+00:00'
[2026-02-15T17:07:49.261+0000] {utils.py:16} INFO - Конфигурация загружена: /opt/***/dags/config/tables.yaml
[2026-02-15T17:07:49.261+0000] {universal_etl_factory.py:183} INFO - === LOAD Start ===
[2026-02-15T17:07:49.262+0000] {universal_etl_factory.py:184} INFO - Target: client_contracts
[2026-02-15T17:07:49.262+0000] {universal_etl_factory.py:185} INFO - Company: company_001
[2026-02-15T17:07:49.262+0000] {universal_etl_factory.py:186} INFO - Job ID: etl_finboon__client_contracts_81859146
[2026-02-15T17:07:50.496+0000] {connections.py:82} INFO - Подключено к ClickHouse: clickhouse
[2026-02-15T17:07:50.500+0000] {loader.py:67} INFO - Таблица client_contracts готова
[2026-02-15T17:07:50.512+0000] {loader.py:76} INFO - Удалены данные схемы finboon из client_contracts
[2026-02-15T17:07:54.762+0000] {loader.py:173} INFO - Загружено 50000/193100
[2026-02-15T17:07:56.916+0000] {loader.py:173} INFO - Загружено 100000/193100
[2026-02-15T17:07:59.018+0000] {loader.py:173} INFO - Загружено 150000/193100
[2026-02-15T17:08:00.806+0000] {loader.py:173} INFO - Загружено 193100/193100
[2026-02-15T17:08:02.006+0000] {loader.py:181} INFO - Таблица client_contracts оптимизирована
[2026-02-15T17:08:02.025+0000] {universal_etl_factory.py:234} INFO - === LOAD Complete: 193100 строк ===
[2026-02-15T17:08:02.130+0000] {python.py:201} INFO - Done. Returned value was: {'job_id': 'etl_finboon__client_contracts_81859146', 'rows_loaded': 193100, 'target_table': 'client_contracts', 'company_id': 'company_001'}
[2026-02-15T17:08:02.169+0000] {taskinstance.py:1138} INFO - Marking task as SUCCESS. dag_id=etl_finboon__client_contracts, task_id=load, execution_date=20260215T170536, start_date=20260215T170748, end_date=20260215T170802
[2026-02-15T17:08:02.229+0000] {local_task_job_runner.py:234} INFO - Task exited with return code 0
[2026-02-15T17:08:02.257+0000] {taskinstance.py:3280} INFO - 0 downstream tasks scheduled from follow-on schedule check
