[2026-02-15T16:43:06.822+0000] {taskinstance.py:1956} INFO - Dependencies all met for dep_context=non-requeueable deps ti=<TaskInstance: etl_variant__clients.extract manual__2026-02-15T16:33:39.657285+00:00 [queued]>
[2026-02-15T16:43:06.832+0000] {taskinstance.py:1956} INFO - Dependencies all met for dep_context=requeueable deps ti=<TaskInstance: etl_variant__clients.extract manual__2026-02-15T16:33:39.657285+00:00 [queued]>
[2026-02-15T16:43:06.833+0000] {taskinstance.py:2170} INFO - Starting attempt 1 of 2
[2026-02-15T16:43:06.849+0000] {taskinstance.py:2191} INFO - Executing <Task(PythonOperator): extract> on 2026-02-15 16:33:39.657285+00:00
[2026-02-15T16:43:06.855+0000] {standard_task_runner.py:60} INFO - Started process 436 to run task
[2026-02-15T16:43:06.859+0000] {standard_task_runner.py:87} INFO - Running: ['***', 'tasks', 'run', 'etl_variant__clients', 'extract', 'manual__2026-02-15T16:33:39.657285+00:00', '--job-id', '56', '--raw', '--subdir', 'DAGS_FOLDER/universal_etl_factory.py', '--cfg-path', '/tmp/tmpiqe7btuh']
[2026-02-15T16:43:06.862+0000] {standard_task_runner.py:88} INFO - Job 56: Subtask extract
[2026-02-15T16:43:06.926+0000] {task_command.py:423} INFO - Running <TaskInstance: etl_variant__clients.extract manual__2026-02-15T16:33:39.657285+00:00 [running]> on host 544250c3cab2
[2026-02-15T16:43:07.034+0000] {taskinstance.py:2480} INFO - Exporting env vars: AIRFLOW_CTX_DAG_OWNER='***' AIRFLOW_CTX_DAG_ID='etl_variant__clients' AIRFLOW_CTX_TASK_ID='extract' AIRFLOW_CTX_EXECUTION_DATE='2026-02-15T16:33:39.657285+00:00' AIRFLOW_CTX_TRY_NUMBER='1' AIRFLOW_CTX_DAG_RUN_ID='manual__2026-02-15T16:33:39.657285+00:00'
[2026-02-15T16:43:07.043+0000] {utils.py:16} INFO - Конфигурация загружена: /opt/***/dags/config/tables.yaml
[2026-02-15T16:43:07.044+0000] {universal_etl_factory.py:43} INFO - === EXTRACT Start ===
[2026-02-15T16:43:07.044+0000] {universal_etl_factory.py:44} INFO - Source: variant.clients
[2026-02-15T16:43:07.045+0000] {universal_etl_factory.py:45} INFO - Job ID: etl_variant__clients_0e08633b
[2026-02-15T16:43:07.087+0000] {connections.py:51} INFO - Подключено к mariadb://10.0.20.2/variant
[2026-02-15T16:43:07.088+0000] {extractor.py:30} INFO - Выгрузка: variant.clients
[2026-02-15T16:44:15.600+0000] {extractor.py:36} INFO - Извлечено 561698 строк, 19 колонок
[2026-02-15T16:44:15.602+0000] {universal_etl_factory.py:60} INFO - Извлечено 561698 строк
[2026-02-15T16:44:21.016+0000] {extractor.py:56} INFO - CSV сохранён: /opt/***/dags/backups/variant__clients_20260215_164415_etl_variant__clients_0e08633b.csv (561698 строк)
[2026-02-15T16:44:25.433+0000] {universal_etl_factory.py:90} INFO - === EXTRACT Complete ===
[2026-02-15T16:44:25.603+0000] {python.py:201} INFO - Done. Returned value was: {'job_id': 'etl_variant__clients_0e08633b', 'rows_extracted': 561698, 'temp_file': '/opt/***/dags/temp/etl_variant__clients_0e08633b_data.pkl', 'columns': ['id', 'name', 'surname', 'patronym', 'birth_date', 'birth_place', 'doc_type_id', 'document_serial', 'pinfl', 'citizen_ship_name', 'nationality', 'gender', 'inn', 'photo', 'sap_id', 'parent_id', 'created_at', 'updated_at', 'client_code'], 'csv_backup': '/opt/***/dags/backups/variant__clients_20260215_164415_etl_variant__clients_0e08633b.csv'}
[2026-02-15T16:44:25.644+0000] {taskinstance.py:1138} INFO - Marking task as SUCCESS. dag_id=etl_variant__clients, task_id=extract, execution_date=20260215T163339, start_date=20260215T164306, end_date=20260215T164425
[2026-02-15T16:44:25.708+0000] {local_task_job_runner.py:234} INFO - Task exited with return code 0
[2026-02-15T16:44:25.751+0000] {taskinstance.py:3280} INFO - 1 downstream tasks scheduled from follow-on schedule check
