[2026-02-15T16:43:26.029+0000] {taskinstance.py:1956} INFO - Dependencies all met for dep_context=non-requeueable deps ti=<TaskInstance: etl_variant__client_contracts.load scheduled__2026-02-14T03:00:00+00:00 [queued]>
[2026-02-15T16:43:26.041+0000] {taskinstance.py:1956} INFO - Dependencies all met for dep_context=requeueable deps ti=<TaskInstance: etl_variant__client_contracts.load scheduled__2026-02-14T03:00:00+00:00 [queued]>
[2026-02-15T16:43:26.041+0000] {taskinstance.py:2170} INFO - Starting attempt 1 of 3
[2026-02-15T16:43:26.057+0000] {taskinstance.py:2191} INFO - Executing <Task(PythonOperator): load> on 2026-02-14 03:00:00+00:00
[2026-02-15T16:43:26.063+0000] {standard_task_runner.py:60} INFO - Started process 438 to run task
[2026-02-15T16:43:26.069+0000] {standard_task_runner.py:87} INFO - Running: ['***', 'tasks', 'run', 'etl_variant__client_contracts', 'load', 'scheduled__2026-02-14T03:00:00+00:00', '--job-id', '57', '--raw', '--subdir', 'DAGS_FOLDER/universal_etl_factory.py', '--cfg-path', '/tmp/tmpglq_fn08']
[2026-02-15T16:43:26.072+0000] {standard_task_runner.py:88} INFO - Job 57: Subtask load
[2026-02-15T16:43:26.144+0000] {task_command.py:423} INFO - Running <TaskInstance: etl_variant__client_contracts.load scheduled__2026-02-14T03:00:00+00:00 [running]> on host 544250c3cab2
[2026-02-15T16:43:26.269+0000] {taskinstance.py:2480} INFO - Exporting env vars: AIRFLOW_CTX_DAG_OWNER='***' AIRFLOW_CTX_DAG_ID='etl_variant__client_contracts' AIRFLOW_CTX_TASK_ID='load' AIRFLOW_CTX_EXECUTION_DATE='2026-02-14T03:00:00+00:00' AIRFLOW_CTX_TRY_NUMBER='1' AIRFLOW_CTX_DAG_RUN_ID='scheduled__2026-02-14T03:00:00+00:00'
[2026-02-15T16:43:26.312+0000] {utils.py:16} INFO - Конфигурация загружена: /opt/***/dags/config/tables.yaml
[2026-02-15T16:43:26.312+0000] {universal_etl_factory.py:183} INFO - === LOAD Start ===
[2026-02-15T16:43:26.312+0000] {universal_etl_factory.py:184} INFO - Target: client_contracts
[2026-02-15T16:43:26.313+0000] {universal_etl_factory.py:185} INFO - Company: company_002
[2026-02-15T16:43:26.313+0000] {universal_etl_factory.py:186} INFO - Job ID: etl_variant__client_contracts_6195f716
[2026-02-15T16:43:30.016+0000] {connections.py:82} INFO - Подключено к ClickHouse: clickhouse
[2026-02-15T16:43:30.021+0000] {loader.py:51} INFO - Таблица client_contracts готова
[2026-02-15T16:43:30.032+0000] {loader.py:60} INFO - Удалены данные схемы variant из client_contracts
[2026-02-15T16:43:30.882+0000] {taskinstance.py:2698} ERROR - Task failed with exception
Traceback (most recent call last):
  File "/home/airflow/.local/lib/python3.8/site-packages/clickhouse_driver/columns/base.py", line 203, in write_items
    buf.write(s.pack(*items))
struct.error: 'i' format requires -2147483648 <= number <= 2147483647

During handling of the above exception, another exception occurred:

Traceback (most recent call last):
  File "/home/airflow/.local/lib/python3.8/site-packages/clickhouse_driver/columns/service.py", line 167, in write_column
    column.write_data(items, buf)
  File "/home/airflow/.local/lib/python3.8/site-packages/clickhouse_driver/columns/base.py", line 145, in write_data
    self._write_data(items, buf)
  File "/home/airflow/.local/lib/python3.8/site-packages/clickhouse_driver/columns/base.py", line 149, in _write_data
    self.write_items(prepared, buf)
  File "/home/airflow/.local/lib/python3.8/site-packages/clickhouse_driver/columns/base.py", line 206, in write_items
    raise exceptions.StructPackException(e)
clickhouse_driver.columns.exceptions.StructPackException: 'i' format requires -2147483648 <= number <= 2147483647

During handling of the above exception, another exception occurred:

Traceback (most recent call last):
  File "/home/airflow/.local/lib/python3.8/site-packages/airflow/models/taskinstance.py", line 433, in _execute_task
    result = execute_callable(context=context, **execute_callable_kwargs)
  File "/home/airflow/.local/lib/python3.8/site-packages/airflow/operators/python.py", line 199, in execute
    return_value = self.execute_callable()
  File "/home/airflow/.local/lib/python3.8/site-packages/airflow/operators/python.py", line 216, in execute_callable
    return self.python_callable(*self.op_args, **self.op_kwargs)
  File "/opt/airflow/dags/universal_etl_factory.py", line 213, in load
    loaded = loader.load_data_transformed(
  File "/opt/airflow/dags/etl/loader.py", line 142, in load_data_transformed
    self.connection.execute(
  File "/opt/airflow/dags/etl/connections.py", line 87, in execute
    return self._client.execute(query, data)
  File "/home/airflow/.local/lib/python3.8/site-packages/clickhouse_driver/client.py", line 367, in execute
    rv = self.process_insert_query(
  File "/home/airflow/.local/lib/python3.8/site-packages/clickhouse_driver/client.py", line 598, in process_insert_query
    rv = self.send_data(sample_block, data,
  File "/home/airflow/.local/lib/python3.8/site-packages/clickhouse_driver/client.py", line 651, in send_data
    self.connection.send_data(block)
  File "/home/airflow/.local/lib/python3.8/site-packages/clickhouse_driver/connection.py", line 667, in send_data
    self.block_out.write(block)
  File "/home/airflow/.local/lib/python3.8/site-packages/clickhouse_driver/streams/native.py", line 43, in write
    write_column(self.context, col_name, col_type, items,
  File "/home/airflow/.local/lib/python3.8/site-packages/clickhouse_driver/columns/service.py", line 179, in write_column
    raise errors.TypeMismatchError(
clickhouse_driver.errors.TypeMismatchError: Code: 53. Type mismatch in VALUES section. Repeat query with types_check=True for detailed info. Column amount_extra: 'i' format requires -2147483648 <= number <= 2147483647
[2026-02-15T16:43:30.899+0000] {taskinstance.py:1138} INFO - Marking task as UP_FOR_RETRY. dag_id=etl_variant__client_contracts, task_id=load, execution_date=20260214T030000, start_date=20260215T164326, end_date=20260215T164330
[2026-02-15T16:43:30.920+0000] {standard_task_runner.py:107} ERROR - Failed to execute job 57 for task load (Code: 53. Type mismatch in VALUES section. Repeat query with types_check=True for detailed info. Column amount_extra: 'i' format requires -2147483648 <= number <= 2147483647; 438)
[2026-02-15T16:43:31.017+0000] {local_task_job_runner.py:234} INFO - Task exited with return code 1
[2026-02-15T16:43:31.053+0000] {taskinstance.py:3280} INFO - 0 downstream tasks scheduled from follow-on schedule check
