[2026-02-15T16:39:50.887+0000] {taskinstance.py:1956} INFO - Dependencies all met for dep_context=non-requeueable deps ti=<TaskInstance: etl_variant__clients.extract manual__2026-02-01T21:41:36.866315+00:00 [queued]>
[2026-02-15T16:39:50.899+0000] {taskinstance.py:1956} INFO - Dependencies all met for dep_context=requeueable deps ti=<TaskInstance: etl_variant__clients.extract manual__2026-02-01T21:41:36.866315+00:00 [queued]>
[2026-02-15T16:39:50.899+0000] {taskinstance.py:2170} INFO - Starting attempt 2 of 3
[2026-02-15T16:39:50.917+0000] {taskinstance.py:2191} INFO - Executing <Task(PythonOperator): extract> on 2026-02-01 21:41:36.866315+00:00
[2026-02-15T16:39:50.923+0000] {standard_task_runner.py:60} INFO - Started process 381 to run task
[2026-02-15T16:39:50.927+0000] {standard_task_runner.py:87} INFO - Running: ['***', 'tasks', 'run', 'etl_variant__clients', 'extract', 'manual__2026-02-01T21:41:36.866315+00:00', '--job-id', '46', '--raw', '--subdir', 'DAGS_FOLDER/universal_etl_factory.py', '--cfg-path', '/tmp/tmpmfk36wec']
[2026-02-15T16:39:50.930+0000] {standard_task_runner.py:88} INFO - Job 46: Subtask extract
[2026-02-15T16:39:51.000+0000] {task_command.py:423} INFO - Running <TaskInstance: etl_variant__clients.extract manual__2026-02-01T21:41:36.866315+00:00 [running]> on host 544250c3cab2
[2026-02-15T16:39:51.135+0000] {taskinstance.py:2480} INFO - Exporting env vars: AIRFLOW_CTX_DAG_OWNER='***' AIRFLOW_CTX_DAG_ID='etl_variant__clients' AIRFLOW_CTX_TASK_ID='extract' AIRFLOW_CTX_EXECUTION_DATE='2026-02-01T21:41:36.866315+00:00' AIRFLOW_CTX_TRY_NUMBER='2' AIRFLOW_CTX_DAG_RUN_ID='manual__2026-02-01T21:41:36.866315+00:00'
[2026-02-15T16:39:51.147+0000] {utils.py:16} INFO - Конфигурация загружена: /opt/***/dags/config/tables.yaml
[2026-02-15T16:39:51.147+0000] {universal_etl_factory.py:43} INFO - === EXTRACT Start ===
[2026-02-15T16:39:51.148+0000] {universal_etl_factory.py:44} INFO - Source: variant.clients
[2026-02-15T16:39:51.148+0000] {universal_etl_factory.py:45} INFO - Job ID: etl_variant__clients_f9b82aa6
[2026-02-15T16:39:51.173+0000] {connections.py:51} INFO - Подключено к mariadb://10.0.20.2/variant
[2026-02-15T16:39:51.174+0000] {extractor.py:30} INFO - Выгрузка: variant.clients
[2026-02-15T16:42:04.214+0000] {extractor.py:36} INFO - Извлечено 561698 строк, 19 колонок
[2026-02-15T16:42:04.215+0000] {universal_etl_factory.py:60} INFO - Извлечено 561698 строк
[2026-02-15T16:42:10.564+0000] {extractor.py:56} INFO - CSV сохранён: /opt/***/dags/backups/variant__clients_20260215_164204_etl_variant__clients_f9b82aa6.csv (561698 строк)
[2026-02-15T16:42:16.823+0000] {universal_etl_factory.py:90} INFO - === EXTRACT Complete ===
[2026-02-15T16:42:17.000+0000] {python.py:201} INFO - Done. Returned value was: {'job_id': 'etl_variant__clients_f9b82aa6', 'rows_extracted': 561698, 'temp_file': '/opt/***/dags/temp/etl_variant__clients_f9b82aa6_data.pkl', 'columns': ['id', 'name', 'surname', 'patronym', 'birth_date', 'birth_place', 'doc_type_id', 'document_serial', 'pinfl', 'citizen_ship_name', 'nationality', 'gender', 'inn', 'photo', 'sap_id', 'parent_id', 'created_at', 'updated_at', 'client_code'], 'csv_backup': '/opt/***/dags/backups/variant__clients_20260215_164204_etl_variant__clients_f9b82aa6.csv'}
[2026-02-15T16:42:17.046+0000] {taskinstance.py:1138} INFO - Marking task as SUCCESS. dag_id=etl_variant__clients, task_id=extract, execution_date=20260201T214136, start_date=20260215T163950, end_date=20260215T164217
[2026-02-15T16:42:17.089+0000] {local_task_job_runner.py:234} INFO - Task exited with return code 0
[2026-02-15T16:42:17.127+0000] {taskinstance.py:3280} INFO - 1 downstream tasks scheduled from follow-on schedule check
