[2026-02-15T16:36:18.099+0000] {taskinstance.py:1956} INFO - Dependencies all met for dep_context=non-requeueable deps ti=<TaskInstance: etl_variant__clients.extract manual__2026-02-01T21:41:36.866315+00:00 [queued]>
[2026-02-15T16:36:18.111+0000] {taskinstance.py:1956} INFO - Dependencies all met for dep_context=requeueable deps ti=<TaskInstance: etl_variant__clients.extract manual__2026-02-01T21:41:36.866315+00:00 [queued]>
[2026-02-15T16:36:18.112+0000] {taskinstance.py:2170} INFO - Starting attempt 1 of 2
[2026-02-15T16:36:18.131+0000] {taskinstance.py:2191} INFO - Executing <Task(PythonOperator): extract> on 2026-02-01 21:41:36.866315+00:00
[2026-02-15T16:36:18.139+0000] {standard_task_runner.py:60} INFO - Started process 332 to run task
[2026-02-15T16:36:18.144+0000] {standard_task_runner.py:87} INFO - Running: ['***', 'tasks', 'run', 'etl_variant__clients', 'extract', 'manual__2026-02-01T21:41:36.866315+00:00', '--job-id', '40', '--raw', '--subdir', 'DAGS_FOLDER/universal_etl_factory.py', '--cfg-path', '/tmp/tmp01zilxv9']
[2026-02-15T16:36:18.146+0000] {standard_task_runner.py:88} INFO - Job 40: Subtask extract
[2026-02-15T16:36:18.229+0000] {task_command.py:423} INFO - Running <TaskInstance: etl_variant__clients.extract manual__2026-02-01T21:41:36.866315+00:00 [running]> on host 544250c3cab2
[2026-02-15T16:36:18.371+0000] {taskinstance.py:2480} INFO - Exporting env vars: AIRFLOW_CTX_DAG_OWNER='***' AIRFLOW_CTX_DAG_ID='etl_variant__clients' AIRFLOW_CTX_TASK_ID='extract' AIRFLOW_CTX_EXECUTION_DATE='2026-02-01T21:41:36.866315+00:00' AIRFLOW_CTX_TRY_NUMBER='1' AIRFLOW_CTX_DAG_RUN_ID='manual__2026-02-01T21:41:36.866315+00:00'
[2026-02-15T16:36:18.382+0000] {utils.py:16} INFO - Конфигурация загружена: /opt/***/dags/config/tables.yaml
[2026-02-15T16:36:18.383+0000] {universal_etl_factory.py:43} INFO - === EXTRACT Start ===
[2026-02-15T16:36:18.383+0000] {universal_etl_factory.py:44} INFO - Source: variant.clients
[2026-02-15T16:36:18.383+0000] {universal_etl_factory.py:45} INFO - Job ID: etl_variant__clients_f9b82aa6
[2026-02-15T16:36:18.418+0000] {connections.py:51} INFO - Подключено к mariadb://10.0.20.2/variant
[2026-02-15T16:36:18.419+0000] {extractor.py:30} INFO - Выгрузка: variant.clients
[2026-02-15T16:37:52.352+0000] {extractor.py:36} INFO - Извлечено 561698 строк, 19 колонок
[2026-02-15T16:37:52.354+0000] {universal_etl_factory.py:60} INFO - Извлечено 561698 строк
[2026-02-15T16:37:58.460+0000] {extractor.py:56} INFO - CSV сохранён: /opt/***/dags/backups/variant__clients_20260215_163752_etl_variant__clients_f9b82aa6.csv (561698 строк)
[2026-02-15T16:37:58.462+0000] {taskinstance.py:2698} ERROR - Task failed with exception
Traceback (most recent call last):
  File "/home/airflow/.local/lib/python3.8/site-packages/airflow/models/taskinstance.py", line 433, in _execute_task
    result = execute_callable(context=context, **execute_callable_kwargs)
  File "/home/airflow/.local/lib/python3.8/site-packages/airflow/operators/python.py", line 199, in execute
    return_value = self.execute_callable()
  File "/home/airflow/.local/lib/python3.8/site-packages/airflow/operators/python.py", line 216, in execute_callable
    return self.python_callable(*self.op_args, **self.op_kwargs)
  File "/opt/airflow/dags/universal_etl_factory.py", line 87, in extract
    with open(temp_file, 'wb') as f:
PermissionError: [Errno 13] Permission denied: '/opt/airflow/dags/temp/etl_variant__clients_f9b82aa6_data.pkl'
[2026-02-15T16:37:58.505+0000] {taskinstance.py:1138} INFO - Marking task as UP_FOR_RETRY. dag_id=etl_variant__clients, task_id=extract, execution_date=20260201T214136, start_date=20260215T163618, end_date=20260215T163758
[2026-02-15T16:37:58.521+0000] {standard_task_runner.py:107} ERROR - Failed to execute job 40 for task extract ([Errno 13] Permission denied: '/opt/airflow/dags/temp/etl_variant__clients_f9b82aa6_data.pkl'; 332)
[2026-02-15T16:37:58.592+0000] {local_task_job_runner.py:234} INFO - Task exited with return code 1
[2026-02-15T16:37:58.661+0000] {taskinstance.py:3280} INFO - 0 downstream tasks scheduled from follow-on schedule check
