[2026-02-15T16:36:04.489+0000] {taskinstance.py:1956} INFO - Dependencies all met for dep_context=non-requeueable deps ti=<TaskInstance: etl_finboon__clients.load manual__2026-02-15T16:30:15.918531+00:00 [queued]>
[2026-02-15T16:36:04.501+0000] {taskinstance.py:1956} INFO - Dependencies all met for dep_context=requeueable deps ti=<TaskInstance: etl_finboon__clients.load manual__2026-02-15T16:30:15.918531+00:00 [queued]>
[2026-02-15T16:36:04.501+0000] {taskinstance.py:2170} INFO - Starting attempt 1 of 3
[2026-02-15T16:36:04.517+0000] {taskinstance.py:2191} INFO - Executing <Task(PythonOperator): load> on 2026-02-15 16:30:15.918531+00:00
[2026-02-15T16:36:04.522+0000] {standard_task_runner.py:60} INFO - Started process 328 to run task
[2026-02-15T16:36:04.527+0000] {standard_task_runner.py:87} INFO - Running: ['***', 'tasks', 'run', 'etl_finboon__clients', 'load', 'manual__2026-02-15T16:30:15.918531+00:00', '--job-id', '38', '--raw', '--subdir', 'DAGS_FOLDER/universal_etl_factory.py', '--cfg-path', '/tmp/tmpc9xko2an']
[2026-02-15T16:36:04.530+0000] {standard_task_runner.py:88} INFO - Job 38: Subtask load
[2026-02-15T16:36:04.599+0000] {task_command.py:423} INFO - Running <TaskInstance: etl_finboon__clients.load manual__2026-02-15T16:30:15.918531+00:00 [running]> on host 544250c3cab2
[2026-02-15T16:36:04.726+0000] {taskinstance.py:2480} INFO - Exporting env vars: AIRFLOW_CTX_DAG_OWNER='***' AIRFLOW_CTX_DAG_ID='etl_finboon__clients' AIRFLOW_CTX_TASK_ID='load' AIRFLOW_CTX_EXECUTION_DATE='2026-02-15T16:30:15.918531+00:00' AIRFLOW_CTX_TRY_NUMBER='1' AIRFLOW_CTX_DAG_RUN_ID='manual__2026-02-15T16:30:15.918531+00:00'
[2026-02-15T16:36:04.762+0000] {utils.py:16} INFO - Конфигурация загружена: /opt/***/dags/config/tables.yaml
[2026-02-15T16:36:04.762+0000] {universal_etl_factory.py:183} INFO - === LOAD Start ===
[2026-02-15T16:36:04.763+0000] {universal_etl_factory.py:184} INFO - Target: clients
[2026-02-15T16:36:04.763+0000] {universal_etl_factory.py:185} INFO - Company: company_001
[2026-02-15T16:36:04.763+0000] {universal_etl_factory.py:186} INFO - Job ID: etl_finboon__clients_71aa8c8b
[2026-02-15T16:36:05.975+0000] {connections.py:82} INFO - Подключено к ClickHouse: clickhouse
[2026-02-15T16:36:05.979+0000] {loader.py:51} INFO - Таблица clients готова
[2026-02-15T16:36:05.987+0000] {loader.py:60} INFO - Удалены данные схемы finboon из clients
[2026-02-15T16:36:07.577+0000] {loader.py:147} INFO - Загружено 50000/219795
[2026-02-15T16:36:09.234+0000] {loader.py:147} INFO - Загружено 100000/219795
[2026-02-15T16:36:10.669+0000] {loader.py:147} INFO - Загружено 150000/219795
[2026-02-15T16:36:12.098+0000] {loader.py:147} INFO - Загружено 200000/219795
[2026-02-15T16:36:12.738+0000] {loader.py:147} INFO - Загружено 219795/219795
[2026-02-15T16:36:13.839+0000] {loader.py:155} INFO - Таблица clients оптимизирована
[2026-02-15T16:36:13.856+0000] {universal_etl_factory.py:234} INFO - === LOAD Complete: 219795 строк ===
[2026-02-15T16:36:13.934+0000] {python.py:201} INFO - Done. Returned value was: {'job_id': 'etl_finboon__clients_71aa8c8b', 'rows_loaded': 219795, 'target_table': 'clients', 'company_id': 'company_001'}
[2026-02-15T16:36:13.963+0000] {taskinstance.py:1138} INFO - Marking task as SUCCESS. dag_id=etl_finboon__clients, task_id=load, execution_date=20260215T163015, start_date=20260215T163604, end_date=20260215T163613
[2026-02-15T16:36:14.015+0000] {local_task_job_runner.py:234} INFO - Task exited with return code 0
[2026-02-15T16:36:14.040+0000] {taskinstance.py:3280} INFO - 0 downstream tasks scheduled from follow-on schedule check
