[2026-02-01T21:41:31.610+0000] {taskinstance.py:1956} INFO - Dependencies all met for dep_context=non-requeueable deps ti=<TaskInstance: etl_variant__clients.extract_and_load manual__2026-02-01T21:40:05.227070+00:00 [queued]>
[2026-02-01T21:41:31.618+0000] {taskinstance.py:1956} INFO - Dependencies all met for dep_context=requeueable deps ti=<TaskInstance: etl_variant__clients.extract_and_load manual__2026-02-01T21:40:05.227070+00:00 [queued]>
[2026-02-01T21:41:31.618+0000] {taskinstance.py:2170} INFO - Starting attempt 1 of 3
[2026-02-01T21:41:31.629+0000] {taskinstance.py:2191} INFO - Executing <Task(PythonOperator): extract_and_load> on 2026-02-01 21:40:05.227070+00:00
[2026-02-01T21:41:31.633+0000] {standard_task_runner.py:60} INFO - Started process 222 to run task
[2026-02-01T21:41:31.636+0000] {standard_task_runner.py:87} INFO - Running: ['***', 'tasks', 'run', 'etl_variant__clients', 'extract_and_load', 'manual__2026-02-01T21:40:05.227070+00:00', '--job-id', '14', '--raw', '--subdir', 'DAGS_FOLDER/universal_etl_factory.py', '--cfg-path', '/tmp/tmprx8e31fh']
[2026-02-01T21:41:31.638+0000] {standard_task_runner.py:88} INFO - Job 14: Subtask extract_and_load
[2026-02-01T21:41:31.685+0000] {task_command.py:423} INFO - Running <TaskInstance: etl_variant__clients.extract_and_load manual__2026-02-01T21:40:05.227070+00:00 [running]> on host 774c9af3589d
[2026-02-01T21:41:31.762+0000] {taskinstance.py:2480} INFO - Exporting env vars: AIRFLOW_CTX_DAG_OWNER='***' AIRFLOW_CTX_DAG_ID='etl_variant__clients' AIRFLOW_CTX_TASK_ID='extract_and_load' AIRFLOW_CTX_EXECUTION_DATE='2026-02-01T21:40:05.227070+00:00' AIRFLOW_CTX_TRY_NUMBER='1' AIRFLOW_CTX_DAG_RUN_ID='manual__2026-02-01T21:40:05.227070+00:00'
[2026-02-01T21:41:31.768+0000] {utils.py:16} INFO - Конфигурация загружена: /opt/***/dags/config/tables.yaml
[2026-02-01T21:41:31.768+0000] {universal_etl_factory.py:49} INFO - === ETL Start ===
[2026-02-01T21:41:31.769+0000] {universal_etl_factory.py:50} INFO - Source: variant.clients
[2026-02-01T21:41:31.769+0000] {universal_etl_factory.py:51} INFO - Target: clients
[2026-02-01T21:41:31.769+0000] {universal_etl_factory.py:52} INFO - Company: company_002
[2026-02-01T21:41:31.769+0000] {universal_etl_factory.py:53} INFO - Job ID: etl_variant__clients_3f992ae7
[2026-02-01T21:41:31.801+0000] {connections.py:51} INFO - Подключено к mariadb://10.0.20.2/variant
[2026-02-01T21:41:31.923+0000] {connections.py:82} INFO - Подключено к ClickHouse: clickhouse
[2026-02-01T21:41:31.923+0000] {extractor.py:30} INFO - Выгрузка: variant.clients
[2026-02-01T21:42:31.922+0000] {extractor.py:36} INFO - Извлечено 552878 строк, 19 колонок
[2026-02-01T21:42:38.194+0000] {extractor.py:56} INFO - CSV сохранён: /opt/***/dags/backups/variant__clients_20260201_214231_etl_variant__clients_3f992ae7.csv (552878 строк)
[2026-02-01T21:42:38.202+0000] {type_mapper.py:69} INFO - Проанализировано 19 колонок
[2026-02-01T21:42:38.210+0000] {loader.py:62} INFO - Таблица clients готова
[2026-02-01T21:42:38.218+0000] {loader.py:71} INFO - Удалены старые данные схемы variant из clients
[2026-02-01T21:42:39.776+0000] {loader.py:120} INFO - Загружено 50000/552878 строк
[2026-02-01T21:42:41.209+0000] {loader.py:120} INFO - Загружено 100000/552878 строк
[2026-02-01T21:42:42.634+0000] {loader.py:120} INFO - Загружено 150000/552878 строк
[2026-02-01T21:42:44.024+0000] {loader.py:120} INFO - Загружено 200000/552878 строк
[2026-02-01T21:42:45.524+0000] {loader.py:120} INFO - Загружено 250000/552878 строк
[2026-02-01T21:42:46.637+0000] {loader.py:120} INFO - Загружено 300000/552878 строк
[2026-02-01T21:42:48.074+0000] {loader.py:120} INFO - Загружено 350000/552878 строк
[2026-02-01T21:42:49.495+0000] {loader.py:120} INFO - Загружено 400000/552878 строк
[2026-02-01T21:42:50.856+0000] {loader.py:120} INFO - Загружено 450000/552878 строк
[2026-02-01T21:42:52.187+0000] {loader.py:120} INFO - Загружено 500000/552878 строк
[2026-02-01T21:42:53.601+0000] {loader.py:120} INFO - Загружено 550000/552878 строк
[2026-02-01T21:42:53.687+0000] {loader.py:120} INFO - Загружено 552878/552878 строк
[2026-02-01T21:42:54.537+0000] {loader.py:128} INFO - Таблица clients оптимизирована
[2026-02-01T21:42:54.538+0000] {universal_etl_factory.py:127} INFO - === ETL Complete: {'source': 'variant.clients', 'target': 'clients', 'company_id': 'company_002', 'job_id': 'etl_variant__clients_3f992ae7', 'rows_extracted': 552878, 'rows_loaded': 552878, 'csv_backup': '/opt/***/dags/backups/variant__clients_20260201_214231_etl_variant__clients_3f992ae7.csv'} ===
[2026-02-01T21:42:54.680+0000] {python.py:201} INFO - Done. Returned value was: {'source': 'variant.clients', 'target': 'clients', 'company_id': 'company_002', 'job_id': 'etl_variant__clients_3f992ae7', 'rows_extracted': 552878, 'rows_loaded': 552878, 'csv_backup': '/opt/***/dags/backups/variant__clients_20260201_214231_etl_variant__clients_3f992ae7.csv'}
[2026-02-01T21:42:54.718+0000] {taskinstance.py:1138} INFO - Marking task as SUCCESS. dag_id=etl_variant__clients, task_id=extract_and_load, execution_date=20260201T214005, start_date=20260201T214131, end_date=20260201T214254
[2026-02-01T21:42:54.769+0000] {local_task_job_runner.py:234} INFO - Task exited with return code 0
[2026-02-01T21:42:54.793+0000] {taskinstance.py:3280} INFO - 0 downstream tasks scheduled from follow-on schedule check
