[2026-01-27T05:07:48.012+0000] {processor.py:161} INFO - Started process (PID=1599) to work on /opt/airflow/dags/universal_etl_factory.py
[2026-01-27T05:07:48.020+0000] {processor.py:830} INFO - Processing file /opt/airflow/dags/universal_etl_factory.py for tasks to queue
[2026-01-27T05:07:48.024+0000] {logging_mixin.py:188} INFO - [2026-01-27T05:07:48.022+0000] {dagbag.py:538} INFO - Filling up the DagBag from /opt/airflow/dags/universal_etl_factory.py
[2026-01-27T05:07:48.064+0000] {logging_mixin.py:188} INFO - [2026-01-27T05:07:48.063+0000] {utils.py:16} INFO - Конфигурация загружена: /opt/airflow/dags/config/tables.yaml
[2026-01-27T05:07:48.160+0000] {logging_mixin.py:188} INFO - [2026-01-27T05:07:48.159+0000] {universal_etl_factory.py:190} INFO - DAG: etl_finboon__contracts
[2026-01-27T05:07:48.175+0000] {logging_mixin.py:188} INFO - [2026-01-27T05:07:48.174+0000] {universal_etl_factory.py:190} INFO - DAG: etl_finboon__clients
[2026-01-27T05:07:48.189+0000] {logging_mixin.py:188} INFO - [2026-01-27T05:07:48.188+0000] {universal_etl_factory.py:190} INFO - DAG: etl_variant__contracts
[2026-01-27T05:07:48.193+0000] {logging_mixin.py:188} INFO - [2026-01-27T05:07:48.193+0000] {universal_etl_factory.py:190} INFO - DAG: etl_variant__clients
[2026-01-27T05:07:48.272+0000] {processor.py:840} INFO - DAG(s) 'etl_variant__clients', 'etl_variant__contracts', 'etl_finboon__clients', 'etl_finboon__contracts' retrieved from /opt/airflow/dags/universal_etl_factory.py
[2026-01-27T05:07:49.224+0000] {logging_mixin.py:188} INFO - [2026-01-27T05:07:49.223+0000] {dag.py:3036} INFO - Sync 4 DAGs
[2026-01-27T05:07:49.295+0000] {logging_mixin.py:188} INFO - [2026-01-27T05:07:49.295+0000] {dag.py:3823} INFO - Setting next_dagrun for etl_finboon__clients to 2026-01-26 02:00:00+00:00, run_after=2026-01-27 02:00:00+00:00
[2026-01-27T05:07:49.308+0000] {logging_mixin.py:188} INFO - [2026-01-27T05:07:49.308+0000] {dag.py:3823} INFO - Setting next_dagrun for etl_finboon__contracts to 2026-01-26 02:00:00+00:00, run_after=2026-01-27 02:00:00+00:00
[2026-01-27T05:07:49.314+0000] {logging_mixin.py:188} INFO - [2026-01-27T05:07:49.313+0000] {dag.py:3823} INFO - Setting next_dagrun for etl_variant__clients to 2026-01-26 03:00:00+00:00, run_after=2026-01-27 03:00:00+00:00
[2026-01-27T05:07:49.320+0000] {logging_mixin.py:188} INFO - [2026-01-27T05:07:49.319+0000] {dag.py:3823} INFO - Setting next_dagrun for etl_variant__contracts to 2026-01-26 03:00:00+00:00, run_after=2026-01-27 03:00:00+00:00
[2026-01-27T05:07:49.369+0000] {processor.py:183} INFO - Processing /opt/airflow/dags/universal_etl_factory.py took 1.377 seconds
[2026-01-27T05:08:19.620+0000] {processor.py:161} INFO - Started process (PID=1606) to work on /opt/airflow/dags/universal_etl_factory.py
[2026-01-27T05:08:19.622+0000] {processor.py:830} INFO - Processing file /opt/airflow/dags/universal_etl_factory.py for tasks to queue
[2026-01-27T05:08:19.623+0000] {logging_mixin.py:188} INFO - [2026-01-27T05:08:19.623+0000] {dagbag.py:538} INFO - Filling up the DagBag from /opt/airflow/dags/universal_etl_factory.py
[2026-01-27T05:08:19.630+0000] {logging_mixin.py:188} INFO - [2026-01-27T05:08:19.630+0000] {utils.py:16} INFO - Конфигурация загружена: /opt/airflow/dags/config/tables.yaml
[2026-01-27T05:08:19.633+0000] {logging_mixin.py:188} INFO - [2026-01-27T05:08:19.633+0000] {universal_etl_factory.py:190} INFO - DAG: etl_finboon__contracts
[2026-01-27T05:08:19.634+0000] {logging_mixin.py:188} INFO - [2026-01-27T05:08:19.634+0000] {universal_etl_factory.py:190} INFO - DAG: etl_finboon__clients
[2026-01-27T05:08:19.635+0000] {logging_mixin.py:188} INFO - [2026-01-27T05:08:19.635+0000] {universal_etl_factory.py:190} INFO - DAG: etl_variant__contracts
[2026-01-27T05:08:19.636+0000] {logging_mixin.py:188} INFO - [2026-01-27T05:08:19.636+0000] {universal_etl_factory.py:190} INFO - DAG: etl_variant__clients
[2026-01-27T05:08:19.639+0000] {processor.py:840} INFO - DAG(s) 'etl_variant__contracts', 'etl_finboon__clients', 'etl_finboon__contracts', 'etl_variant__clients' retrieved from /opt/airflow/dags/universal_etl_factory.py
[2026-01-27T05:08:19.673+0000] {logging_mixin.py:188} INFO - [2026-01-27T05:08:19.672+0000] {dag.py:3036} INFO - Sync 4 DAGs
[2026-01-27T05:08:19.689+0000] {logging_mixin.py:188} INFO - [2026-01-27T05:08:19.688+0000] {dag.py:3823} INFO - Setting next_dagrun for etl_finboon__clients to 2026-01-26 02:00:00+00:00, run_after=2026-01-27 02:00:00+00:00
[2026-01-27T05:08:19.692+0000] {logging_mixin.py:188} INFO - [2026-01-27T05:08:19.691+0000] {dag.py:3823} INFO - Setting next_dagrun for etl_finboon__contracts to 2026-01-26 02:00:00+00:00, run_after=2026-01-27 02:00:00+00:00
[2026-01-27T05:08:19.693+0000] {logging_mixin.py:188} INFO - [2026-01-27T05:08:19.693+0000] {dag.py:3823} INFO - Setting next_dagrun for etl_variant__clients to 2026-01-26 03:00:00+00:00, run_after=2026-01-27 03:00:00+00:00
[2026-01-27T05:08:19.694+0000] {logging_mixin.py:188} INFO - [2026-01-27T05:08:19.694+0000] {dag.py:3823} INFO - Setting next_dagrun for etl_variant__contracts to 2026-01-26 03:00:00+00:00, run_after=2026-01-27 03:00:00+00:00
[2026-01-27T05:08:19.708+0000] {processor.py:183} INFO - Processing /opt/airflow/dags/universal_etl_factory.py took 0.091 seconds
[2026-01-27T05:08:50.160+0000] {processor.py:161} INFO - Started process (PID=1611) to work on /opt/airflow/dags/universal_etl_factory.py
[2026-01-27T05:08:50.161+0000] {processor.py:830} INFO - Processing file /opt/airflow/dags/universal_etl_factory.py for tasks to queue
[2026-01-27T05:08:50.162+0000] {logging_mixin.py:188} INFO - [2026-01-27T05:08:50.162+0000] {dagbag.py:538} INFO - Filling up the DagBag from /opt/airflow/dags/universal_etl_factory.py
[2026-01-27T05:08:50.167+0000] {logging_mixin.py:188} INFO - [2026-01-27T05:08:50.167+0000] {utils.py:16} INFO - Конфигурация загружена: /opt/airflow/dags/config/tables.yaml
[2026-01-27T05:08:50.171+0000] {logging_mixin.py:188} INFO - [2026-01-27T05:08:50.171+0000] {universal_etl_factory.py:190} INFO - DAG: etl_finboon__contracts
[2026-01-27T05:08:50.172+0000] {logging_mixin.py:188} INFO - [2026-01-27T05:08:50.172+0000] {universal_etl_factory.py:190} INFO - DAG: etl_finboon__clients
[2026-01-27T05:08:50.173+0000] {logging_mixin.py:188} INFO - [2026-01-27T05:08:50.173+0000] {universal_etl_factory.py:190} INFO - DAG: etl_variant__contracts
[2026-01-27T05:08:50.173+0000] {logging_mixin.py:188} INFO - [2026-01-27T05:08:50.173+0000] {universal_etl_factory.py:190} INFO - DAG: etl_variant__clients
[2026-01-27T05:08:50.176+0000] {processor.py:840} INFO - DAG(s) 'etl_finboon__clients', 'etl_variant__contracts', 'etl_finboon__contracts', 'etl_variant__clients' retrieved from /opt/airflow/dags/universal_etl_factory.py
[2026-01-27T05:08:50.203+0000] {logging_mixin.py:188} INFO - [2026-01-27T05:08:50.203+0000] {dag.py:3036} INFO - Sync 4 DAGs
[2026-01-27T05:08:50.218+0000] {logging_mixin.py:188} INFO - [2026-01-27T05:08:50.218+0000] {dag.py:3823} INFO - Setting next_dagrun for etl_finboon__clients to 2026-01-26 02:00:00+00:00, run_after=2026-01-27 02:00:00+00:00
[2026-01-27T05:08:50.221+0000] {logging_mixin.py:188} INFO - [2026-01-27T05:08:50.221+0000] {dag.py:3823} INFO - Setting next_dagrun for etl_finboon__contracts to 2026-01-26 02:00:00+00:00, run_after=2026-01-27 02:00:00+00:00
[2026-01-27T05:08:50.223+0000] {logging_mixin.py:188} INFO - [2026-01-27T05:08:50.223+0000] {dag.py:3823} INFO - Setting next_dagrun for etl_variant__clients to 2026-01-26 03:00:00+00:00, run_after=2026-01-27 03:00:00+00:00
[2026-01-27T05:08:50.225+0000] {logging_mixin.py:188} INFO - [2026-01-27T05:08:50.224+0000] {dag.py:3823} INFO - Setting next_dagrun for etl_variant__contracts to 2026-01-26 03:00:00+00:00, run_after=2026-01-27 03:00:00+00:00
[2026-01-27T05:08:50.238+0000] {processor.py:183} INFO - Processing /opt/airflow/dags/universal_etl_factory.py took 0.081 seconds
[2026-01-27T05:09:20.685+0000] {processor.py:161} INFO - Started process (PID=1616) to work on /opt/airflow/dags/universal_etl_factory.py
[2026-01-27T05:09:20.686+0000] {processor.py:830} INFO - Processing file /opt/airflow/dags/universal_etl_factory.py for tasks to queue
[2026-01-27T05:09:20.687+0000] {logging_mixin.py:188} INFO - [2026-01-27T05:09:20.687+0000] {dagbag.py:538} INFO - Filling up the DagBag from /opt/airflow/dags/universal_etl_factory.py
[2026-01-27T05:09:20.693+0000] {logging_mixin.py:188} INFO - [2026-01-27T05:09:20.693+0000] {utils.py:16} INFO - Конфигурация загружена: /opt/airflow/dags/config/tables.yaml
[2026-01-27T05:09:20.697+0000] {logging_mixin.py:188} INFO - [2026-01-27T05:09:20.696+0000] {universal_etl_factory.py:190} INFO - DAG: etl_finboon__contracts
[2026-01-27T05:09:20.697+0000] {logging_mixin.py:188} INFO - [2026-01-27T05:09:20.697+0000] {universal_etl_factory.py:190} INFO - DAG: etl_finboon__clients
[2026-01-27T05:09:20.698+0000] {logging_mixin.py:188} INFO - [2026-01-27T05:09:20.698+0000] {universal_etl_factory.py:190} INFO - DAG: etl_variant__contracts
[2026-01-27T05:09:20.699+0000] {logging_mixin.py:188} INFO - [2026-01-27T05:09:20.699+0000] {universal_etl_factory.py:190} INFO - DAG: etl_variant__clients
[2026-01-27T05:09:20.702+0000] {processor.py:840} INFO - DAG(s) 'etl_variant__contracts', 'etl_finboon__clients', 'etl_finboon__contracts', 'etl_variant__clients' retrieved from /opt/airflow/dags/universal_etl_factory.py
[2026-01-27T05:09:20.732+0000] {logging_mixin.py:188} INFO - [2026-01-27T05:09:20.732+0000] {dag.py:3036} INFO - Sync 4 DAGs
[2026-01-27T05:09:20.748+0000] {logging_mixin.py:188} INFO - [2026-01-27T05:09:20.748+0000] {dag.py:3823} INFO - Setting next_dagrun for etl_finboon__clients to 2026-01-26 02:00:00+00:00, run_after=2026-01-27 02:00:00+00:00
[2026-01-27T05:09:20.751+0000] {logging_mixin.py:188} INFO - [2026-01-27T05:09:20.751+0000] {dag.py:3823} INFO - Setting next_dagrun for etl_finboon__contracts to 2026-01-26 02:00:00+00:00, run_after=2026-01-27 02:00:00+00:00
[2026-01-27T05:09:20.753+0000] {logging_mixin.py:188} INFO - [2026-01-27T05:09:20.753+0000] {dag.py:3823} INFO - Setting next_dagrun for etl_variant__clients to 2026-01-26 03:00:00+00:00, run_after=2026-01-27 03:00:00+00:00
[2026-01-27T05:09:20.754+0000] {logging_mixin.py:188} INFO - [2026-01-27T05:09:20.754+0000] {dag.py:3823} INFO - Setting next_dagrun for etl_variant__contracts to 2026-01-26 03:00:00+00:00, run_after=2026-01-27 03:00:00+00:00
[2026-01-27T05:09:20.767+0000] {processor.py:183} INFO - Processing /opt/airflow/dags/universal_etl_factory.py took 0.084 seconds
[2026-01-27T10:29:11.973+0000] {processor.py:161} INFO - Started process (PID=179) to work on /opt/airflow/dags/universal_etl_factory.py
[2026-01-27T10:29:11.975+0000] {processor.py:830} INFO - Processing file /opt/airflow/dags/universal_etl_factory.py for tasks to queue
[2026-01-27T10:29:11.975+0000] {logging_mixin.py:188} INFO - [2026-01-27T10:29:11.975+0000] {dagbag.py:538} INFO - Filling up the DagBag from /opt/airflow/dags/universal_etl_factory.py
[2026-01-27T10:29:11.982+0000] {logging_mixin.py:188} INFO - [2026-01-27T10:29:11.982+0000] {utils.py:16} INFO - Конфигурация загружена: /opt/airflow/dags/config/tables.yaml
[2026-01-27T10:29:11.985+0000] {logging_mixin.py:188} INFO - [2026-01-27T10:29:11.985+0000] {universal_etl_factory.py:190} INFO - DAG: etl_finboon__contracts
[2026-01-27T10:29:11.986+0000] {logging_mixin.py:188} INFO - [2026-01-27T10:29:11.986+0000] {universal_etl_factory.py:190} INFO - DAG: etl_finboon__clients
[2026-01-27T10:29:11.987+0000] {logging_mixin.py:188} INFO - [2026-01-27T10:29:11.987+0000] {universal_etl_factory.py:190} INFO - DAG: etl_variant__contracts
[2026-01-27T10:29:11.988+0000] {logging_mixin.py:188} INFO - [2026-01-27T10:29:11.988+0000] {universal_etl_factory.py:190} INFO - DAG: etl_variant__clients
[2026-01-27T10:29:11.998+0000] {processor.py:840} INFO - DAG(s) 'etl_variant__contracts', 'etl_variant__clients', 'etl_finboon__contracts', 'etl_finboon__clients' retrieved from /opt/airflow/dags/universal_etl_factory.py
[2026-01-27T10:29:12.019+0000] {logging_mixin.py:188} INFO - [2026-01-27T10:29:12.019+0000] {dag.py:3036} INFO - Sync 4 DAGs
[2026-01-27T10:29:12.039+0000] {logging_mixin.py:188} INFO - [2026-01-27T10:29:12.039+0000] {dag.py:3823} INFO - Setting next_dagrun for etl_finboon__clients to 2026-01-26 02:00:00+00:00, run_after=2026-01-27 02:00:00+00:00
[2026-01-27T10:29:12.043+0000] {logging_mixin.py:188} INFO - [2026-01-27T10:29:12.043+0000] {dag.py:3823} INFO - Setting next_dagrun for etl_finboon__contracts to 2026-01-26 02:00:00+00:00, run_after=2026-01-27 02:00:00+00:00
[2026-01-27T10:29:12.044+0000] {logging_mixin.py:188} INFO - [2026-01-27T10:29:12.044+0000] {dag.py:3823} INFO - Setting next_dagrun for etl_variant__clients to 2026-01-26 03:00:00+00:00, run_after=2026-01-27 03:00:00+00:00
[2026-01-27T10:29:12.046+0000] {logging_mixin.py:188} INFO - [2026-01-27T10:29:12.046+0000] {dag.py:3823} INFO - Setting next_dagrun for etl_variant__contracts to 2026-01-26 03:00:00+00:00, run_after=2026-01-27 03:00:00+00:00
[2026-01-27T10:29:12.063+0000] {processor.py:183} INFO - Processing /opt/airflow/dags/universal_etl_factory.py took 0.094 seconds
[2026-01-27T10:29:42.360+0000] {processor.py:161} INFO - Started process (PID=184) to work on /opt/airflow/dags/universal_etl_factory.py
[2026-01-27T10:29:42.364+0000] {processor.py:830} INFO - Processing file /opt/airflow/dags/universal_etl_factory.py for tasks to queue
[2026-01-27T10:29:42.365+0000] {logging_mixin.py:188} INFO - [2026-01-27T10:29:42.364+0000] {dagbag.py:538} INFO - Filling up the DagBag from /opt/airflow/dags/universal_etl_factory.py
[2026-01-27T10:29:42.374+0000] {logging_mixin.py:188} INFO - [2026-01-27T10:29:42.374+0000] {utils.py:16} INFO - Конфигурация загружена: /opt/airflow/dags/config/tables.yaml
[2026-01-27T10:29:42.378+0000] {logging_mixin.py:188} INFO - [2026-01-27T10:29:42.378+0000] {universal_etl_factory.py:190} INFO - DAG: etl_finboon__contracts
[2026-01-27T10:29:42.380+0000] {logging_mixin.py:188} INFO - [2026-01-27T10:29:42.380+0000] {universal_etl_factory.py:190} INFO - DAG: etl_finboon__clients
[2026-01-27T10:29:42.381+0000] {logging_mixin.py:188} INFO - [2026-01-27T10:29:42.381+0000] {universal_etl_factory.py:190} INFO - DAG: etl_variant__contracts
[2026-01-27T10:29:42.382+0000] {logging_mixin.py:188} INFO - [2026-01-27T10:29:42.382+0000] {universal_etl_factory.py:190} INFO - DAG: etl_variant__clients
[2026-01-27T10:29:42.388+0000] {processor.py:840} INFO - DAG(s) 'etl_finboon__clients', 'etl_finboon__contracts', 'etl_variant__contracts', 'etl_variant__clients' retrieved from /opt/airflow/dags/universal_etl_factory.py
[2026-01-27T10:29:42.556+0000] {logging_mixin.py:188} INFO - [2026-01-27T10:29:42.556+0000] {dag.py:3036} INFO - Sync 4 DAGs
[2026-01-27T10:29:42.572+0000] {logging_mixin.py:188} INFO - [2026-01-27T10:29:42.572+0000] {dag.py:3823} INFO - Setting next_dagrun for etl_finboon__clients to 2026-01-26 02:00:00+00:00, run_after=2026-01-27 02:00:00+00:00
[2026-01-27T10:29:42.575+0000] {logging_mixin.py:188} INFO - [2026-01-27T10:29:42.575+0000] {dag.py:3823} INFO - Setting next_dagrun for etl_finboon__contracts to 2026-01-26 02:00:00+00:00, run_after=2026-01-27 02:00:00+00:00
[2026-01-27T10:29:42.577+0000] {logging_mixin.py:188} INFO - [2026-01-27T10:29:42.577+0000] {dag.py:3823} INFO - Setting next_dagrun for etl_variant__clients to 2026-01-26 03:00:00+00:00, run_after=2026-01-27 03:00:00+00:00
[2026-01-27T10:29:42.578+0000] {logging_mixin.py:188} INFO - [2026-01-27T10:29:42.578+0000] {dag.py:3823} INFO - Setting next_dagrun for etl_variant__contracts to 2026-01-26 03:00:00+00:00, run_after=2026-01-27 03:00:00+00:00
[2026-01-27T10:29:42.595+0000] {processor.py:183} INFO - Processing /opt/airflow/dags/universal_etl_factory.py took 0.241 seconds
[2026-01-27T10:30:12.804+0000] {processor.py:161} INFO - Started process (PID=189) to work on /opt/airflow/dags/universal_etl_factory.py
[2026-01-27T10:30:12.805+0000] {processor.py:830} INFO - Processing file /opt/airflow/dags/universal_etl_factory.py for tasks to queue
[2026-01-27T10:30:12.805+0000] {logging_mixin.py:188} INFO - [2026-01-27T10:30:12.805+0000] {dagbag.py:538} INFO - Filling up the DagBag from /opt/airflow/dags/universal_etl_factory.py
[2026-01-27T10:30:12.813+0000] {logging_mixin.py:188} INFO - [2026-01-27T10:30:12.812+0000] {utils.py:16} INFO - Конфигурация загружена: /opt/airflow/dags/config/tables.yaml
[2026-01-27T10:30:12.816+0000] {logging_mixin.py:188} INFO - [2026-01-27T10:30:12.816+0000] {universal_etl_factory.py:190} INFO - DAG: etl_finboon__contracts
[2026-01-27T10:30:12.817+0000] {logging_mixin.py:188} INFO - [2026-01-27T10:30:12.817+0000] {universal_etl_factory.py:190} INFO - DAG: etl_finboon__clients
[2026-01-27T10:30:12.818+0000] {logging_mixin.py:188} INFO - [2026-01-27T10:30:12.818+0000] {universal_etl_factory.py:190} INFO - DAG: etl_variant__contracts
[2026-01-27T10:30:12.819+0000] {logging_mixin.py:188} INFO - [2026-01-27T10:30:12.819+0000] {universal_etl_factory.py:190} INFO - DAG: etl_variant__clients
[2026-01-27T10:30:12.822+0000] {processor.py:840} INFO - DAG(s) 'etl_finboon__clients', 'etl_variant__contracts', 'etl_finboon__contracts', 'etl_variant__clients' retrieved from /opt/airflow/dags/universal_etl_factory.py
[2026-01-27T10:30:12.854+0000] {logging_mixin.py:188} INFO - [2026-01-27T10:30:12.854+0000] {dag.py:3036} INFO - Sync 4 DAGs
[2026-01-27T10:30:12.870+0000] {logging_mixin.py:188} INFO - [2026-01-27T10:30:12.870+0000] {dag.py:3823} INFO - Setting next_dagrun for etl_finboon__clients to 2026-01-26 02:00:00+00:00, run_after=2026-01-27 02:00:00+00:00
[2026-01-27T10:30:12.874+0000] {logging_mixin.py:188} INFO - [2026-01-27T10:30:12.873+0000] {dag.py:3823} INFO - Setting next_dagrun for etl_finboon__contracts to 2026-01-26 02:00:00+00:00, run_after=2026-01-27 02:00:00+00:00
[2026-01-27T10:30:12.875+0000] {logging_mixin.py:188} INFO - [2026-01-27T10:30:12.875+0000] {dag.py:3823} INFO - Setting next_dagrun for etl_variant__clients to 2026-01-26 03:00:00+00:00, run_after=2026-01-27 03:00:00+00:00
[2026-01-27T10:30:12.876+0000] {logging_mixin.py:188} INFO - [2026-01-27T10:30:12.876+0000] {dag.py:3823} INFO - Setting next_dagrun for etl_variant__contracts to 2026-01-26 03:00:00+00:00, run_after=2026-01-27 03:00:00+00:00
[2026-01-27T10:30:12.889+0000] {processor.py:183} INFO - Processing /opt/airflow/dags/universal_etl_factory.py took 0.088 seconds
[2026-01-27T10:30:45.274+0000] {processor.py:161} INFO - Started process (PID=194) to work on /opt/airflow/dags/universal_etl_factory.py
[2026-01-27T10:30:45.276+0000] {processor.py:830} INFO - Processing file /opt/airflow/dags/universal_etl_factory.py for tasks to queue
[2026-01-27T10:30:45.277+0000] {logging_mixin.py:188} INFO - [2026-01-27T10:30:45.276+0000] {dagbag.py:538} INFO - Filling up the DagBag from /opt/airflow/dags/universal_etl_factory.py
[2026-01-27T10:30:45.284+0000] {logging_mixin.py:188} INFO - [2026-01-27T10:30:45.284+0000] {utils.py:16} INFO - Конфигурация загружена: /opt/airflow/dags/config/tables.yaml
[2026-01-27T10:30:45.288+0000] {logging_mixin.py:188} INFO - [2026-01-27T10:30:45.288+0000] {universal_etl_factory.py:190} INFO - DAG: etl_finboon__contracts
[2026-01-27T10:30:45.289+0000] {logging_mixin.py:188} INFO - [2026-01-27T10:30:45.289+0000] {universal_etl_factory.py:190} INFO - DAG: etl_finboon__clients
[2026-01-27T10:30:45.290+0000] {logging_mixin.py:188} INFO - [2026-01-27T10:30:45.290+0000] {universal_etl_factory.py:190} INFO - DAG: etl_variant__contracts
[2026-01-27T10:30:45.291+0000] {logging_mixin.py:188} INFO - [2026-01-27T10:30:45.290+0000] {universal_etl_factory.py:190} INFO - DAG: etl_variant__clients
[2026-01-27T10:30:45.298+0000] {processor.py:840} INFO - DAG(s) 'etl_finboon__clients', 'etl_finboon__contracts', 'etl_variant__contracts', 'etl_variant__clients' retrieved from /opt/airflow/dags/universal_etl_factory.py
[2026-01-27T10:30:45.337+0000] {logging_mixin.py:188} INFO - [2026-01-27T10:30:45.336+0000] {dag.py:3036} INFO - Sync 4 DAGs
[2026-01-27T10:30:45.359+0000] {logging_mixin.py:188} INFO - [2026-01-27T10:30:45.359+0000] {dag.py:3823} INFO - Setting next_dagrun for etl_finboon__clients to 2026-01-26 02:00:00+00:00, run_after=2026-01-27 02:00:00+00:00
[2026-01-27T10:30:45.365+0000] {logging_mixin.py:188} INFO - [2026-01-27T10:30:45.364+0000] {dag.py:3823} INFO - Setting next_dagrun for etl_finboon__contracts to 2026-01-26 02:00:00+00:00, run_after=2026-01-27 02:00:00+00:00
[2026-01-27T10:30:45.367+0000] {logging_mixin.py:188} INFO - [2026-01-27T10:30:45.367+0000] {dag.py:3823} INFO - Setting next_dagrun for etl_variant__clients to 2026-01-26 03:00:00+00:00, run_after=2026-01-27 03:00:00+00:00
[2026-01-27T10:30:45.369+0000] {logging_mixin.py:188} INFO - [2026-01-27T10:30:45.369+0000] {dag.py:3823} INFO - Setting next_dagrun for etl_variant__contracts to 2026-01-26 03:00:00+00:00, run_after=2026-01-27 03:00:00+00:00
[2026-01-27T10:30:45.382+0000] {processor.py:183} INFO - Processing /opt/airflow/dags/universal_etl_factory.py took 0.110 seconds
[2026-01-27T10:31:15.504+0000] {processor.py:161} INFO - Started process (PID=199) to work on /opt/airflow/dags/universal_etl_factory.py
[2026-01-27T10:31:15.505+0000] {processor.py:830} INFO - Processing file /opt/airflow/dags/universal_etl_factory.py for tasks to queue
[2026-01-27T10:31:15.506+0000] {logging_mixin.py:188} INFO - [2026-01-27T10:31:15.506+0000] {dagbag.py:538} INFO - Filling up the DagBag from /opt/airflow/dags/universal_etl_factory.py
[2026-01-27T10:31:15.513+0000] {logging_mixin.py:188} INFO - [2026-01-27T10:31:15.512+0000] {utils.py:16} INFO - Конфигурация загружена: /opt/airflow/dags/config/tables.yaml
[2026-01-27T10:31:15.516+0000] {logging_mixin.py:188} INFO - [2026-01-27T10:31:15.516+0000] {universal_etl_factory.py:190} INFO - DAG: etl_finboon__contracts
[2026-01-27T10:31:15.517+0000] {logging_mixin.py:188} INFO - [2026-01-27T10:31:15.517+0000] {universal_etl_factory.py:190} INFO - DAG: etl_finboon__clients
[2026-01-27T10:31:15.518+0000] {logging_mixin.py:188} INFO - [2026-01-27T10:31:15.518+0000] {universal_etl_factory.py:190} INFO - DAG: etl_variant__contracts
[2026-01-27T10:31:15.519+0000] {logging_mixin.py:188} INFO - [2026-01-27T10:31:15.519+0000] {universal_etl_factory.py:190} INFO - DAG: etl_variant__clients
[2026-01-27T10:31:15.523+0000] {processor.py:840} INFO - DAG(s) 'etl_finboon__clients', 'etl_finboon__contracts', 'etl_variant__contracts', 'etl_variant__clients' retrieved from /opt/airflow/dags/universal_etl_factory.py
[2026-01-27T10:31:15.554+0000] {logging_mixin.py:188} INFO - [2026-01-27T10:31:15.554+0000] {dag.py:3036} INFO - Sync 4 DAGs
[2026-01-27T10:31:15.570+0000] {logging_mixin.py:188} INFO - [2026-01-27T10:31:15.570+0000] {dag.py:3823} INFO - Setting next_dagrun for etl_finboon__clients to 2026-01-26 02:00:00+00:00, run_after=2026-01-27 02:00:00+00:00
[2026-01-27T10:31:15.573+0000] {logging_mixin.py:188} INFO - [2026-01-27T10:31:15.573+0000] {dag.py:3823} INFO - Setting next_dagrun for etl_finboon__contracts to 2026-01-26 02:00:00+00:00, run_after=2026-01-27 02:00:00+00:00
[2026-01-27T10:31:15.575+0000] {logging_mixin.py:188} INFO - [2026-01-27T10:31:15.575+0000] {dag.py:3823} INFO - Setting next_dagrun for etl_variant__clients to 2026-01-26 03:00:00+00:00, run_after=2026-01-27 03:00:00+00:00
[2026-01-27T10:31:15.576+0000] {logging_mixin.py:188} INFO - [2026-01-27T10:31:15.576+0000] {dag.py:3823} INFO - Setting next_dagrun for etl_variant__contracts to 2026-01-26 03:00:00+00:00, run_after=2026-01-27 03:00:00+00:00
[2026-01-27T10:31:15.589+0000] {processor.py:183} INFO - Processing /opt/airflow/dags/universal_etl_factory.py took 0.088 seconds
[2026-01-27T10:31:46.014+0000] {processor.py:161} INFO - Started process (PID=204) to work on /opt/airflow/dags/universal_etl_factory.py
[2026-01-27T10:31:46.016+0000] {processor.py:830} INFO - Processing file /opt/airflow/dags/universal_etl_factory.py for tasks to queue
[2026-01-27T10:31:46.017+0000] {logging_mixin.py:188} INFO - [2026-01-27T10:31:46.017+0000] {dagbag.py:538} INFO - Filling up the DagBag from /opt/airflow/dags/universal_etl_factory.py
[2026-01-27T10:31:46.023+0000] {logging_mixin.py:188} INFO - [2026-01-27T10:31:46.023+0000] {utils.py:16} INFO - Конфигурация загружена: /opt/airflow/dags/config/tables.yaml
[2026-01-27T10:31:46.027+0000] {logging_mixin.py:188} INFO - [2026-01-27T10:31:46.026+0000] {universal_etl_factory.py:190} INFO - DAG: etl_finboon__contracts
[2026-01-27T10:31:46.027+0000] {logging_mixin.py:188} INFO - [2026-01-27T10:31:46.027+0000] {universal_etl_factory.py:190} INFO - DAG: etl_finboon__clients
[2026-01-27T10:31:46.028+0000] {logging_mixin.py:188} INFO - [2026-01-27T10:31:46.028+0000] {universal_etl_factory.py:190} INFO - DAG: etl_variant__contracts
[2026-01-27T10:31:46.029+0000] {logging_mixin.py:188} INFO - [2026-01-27T10:31:46.029+0000] {universal_etl_factory.py:190} INFO - DAG: etl_variant__clients
[2026-01-27T10:31:46.032+0000] {processor.py:840} INFO - DAG(s) 'etl_finboon__clients', 'etl_variant__clients', 'etl_variant__contracts', 'etl_finboon__contracts' retrieved from /opt/airflow/dags/universal_etl_factory.py
[2026-01-27T10:31:46.059+0000] {logging_mixin.py:188} INFO - [2026-01-27T10:31:46.059+0000] {dag.py:3036} INFO - Sync 4 DAGs
[2026-01-27T10:31:46.074+0000] {logging_mixin.py:188} INFO - [2026-01-27T10:31:46.074+0000] {dag.py:3823} INFO - Setting next_dagrun for etl_finboon__clients to 2026-01-26 02:00:00+00:00, run_after=2026-01-27 02:00:00+00:00
[2026-01-27T10:31:46.077+0000] {logging_mixin.py:188} INFO - [2026-01-27T10:31:46.077+0000] {dag.py:3823} INFO - Setting next_dagrun for etl_finboon__contracts to 2026-01-26 02:00:00+00:00, run_after=2026-01-27 02:00:00+00:00
[2026-01-27T10:31:46.079+0000] {logging_mixin.py:188} INFO - [2026-01-27T10:31:46.079+0000] {dag.py:3823} INFO - Setting next_dagrun for etl_variant__clients to 2026-01-26 03:00:00+00:00, run_after=2026-01-27 03:00:00+00:00
[2026-01-27T10:31:46.080+0000] {logging_mixin.py:188} INFO - [2026-01-27T10:31:46.080+0000] {dag.py:3823} INFO - Setting next_dagrun for etl_variant__contracts to 2026-01-26 03:00:00+00:00, run_after=2026-01-27 03:00:00+00:00
[2026-01-27T10:31:46.095+0000] {processor.py:183} INFO - Processing /opt/airflow/dags/universal_etl_factory.py took 0.085 seconds
[2026-01-27T10:32:16.574+0000] {processor.py:161} INFO - Started process (PID=209) to work on /opt/airflow/dags/universal_etl_factory.py
[2026-01-27T10:32:16.575+0000] {processor.py:830} INFO - Processing file /opt/airflow/dags/universal_etl_factory.py for tasks to queue
[2026-01-27T10:32:16.576+0000] {logging_mixin.py:188} INFO - [2026-01-27T10:32:16.576+0000] {dagbag.py:538} INFO - Filling up the DagBag from /opt/airflow/dags/universal_etl_factory.py
[2026-01-27T10:32:16.585+0000] {logging_mixin.py:188} INFO - [2026-01-27T10:32:16.585+0000] {utils.py:16} INFO - Конфигурация загружена: /opt/airflow/dags/config/tables.yaml
[2026-01-27T10:32:16.590+0000] {logging_mixin.py:188} INFO - [2026-01-27T10:32:16.590+0000] {universal_etl_factory.py:190} INFO - DAG: etl_finboon__contracts
[2026-01-27T10:32:16.591+0000] {logging_mixin.py:188} INFO - [2026-01-27T10:32:16.591+0000] {universal_etl_factory.py:190} INFO - DAG: etl_finboon__clients
[2026-01-27T10:32:16.592+0000] {logging_mixin.py:188} INFO - [2026-01-27T10:32:16.592+0000] {universal_etl_factory.py:190} INFO - DAG: etl_variant__contracts
[2026-01-27T10:32:16.593+0000] {logging_mixin.py:188} INFO - [2026-01-27T10:32:16.592+0000] {universal_etl_factory.py:190} INFO - DAG: etl_variant__clients
[2026-01-27T10:32:16.602+0000] {processor.py:840} INFO - DAG(s) 'etl_variant__clients', 'etl_finboon__contracts', 'etl_variant__contracts', 'etl_finboon__clients' retrieved from /opt/airflow/dags/universal_etl_factory.py
[2026-01-27T10:32:16.642+0000] {logging_mixin.py:188} INFO - [2026-01-27T10:32:16.642+0000] {dag.py:3036} INFO - Sync 4 DAGs
[2026-01-27T10:32:16.660+0000] {logging_mixin.py:188} INFO - [2026-01-27T10:32:16.660+0000] {dag.py:3823} INFO - Setting next_dagrun for etl_finboon__clients to 2026-01-26 02:00:00+00:00, run_after=2026-01-27 02:00:00+00:00
[2026-01-27T10:32:16.663+0000] {logging_mixin.py:188} INFO - [2026-01-27T10:32:16.663+0000] {dag.py:3823} INFO - Setting next_dagrun for etl_finboon__contracts to 2026-01-26 02:00:00+00:00, run_after=2026-01-27 02:00:00+00:00
[2026-01-27T10:32:16.665+0000] {logging_mixin.py:188} INFO - [2026-01-27T10:32:16.664+0000] {dag.py:3823} INFO - Setting next_dagrun for etl_variant__clients to 2026-01-26 03:00:00+00:00, run_after=2026-01-27 03:00:00+00:00
[2026-01-27T10:32:16.666+0000] {logging_mixin.py:188} INFO - [2026-01-27T10:32:16.666+0000] {dag.py:3823} INFO - Setting next_dagrun for etl_variant__contracts to 2026-01-26 03:00:00+00:00, run_after=2026-01-27 03:00:00+00:00
[2026-01-27T10:32:16.679+0000] {processor.py:183} INFO - Processing /opt/airflow/dags/universal_etl_factory.py took 0.107 seconds
[2026-01-27T10:32:47.086+0000] {processor.py:161} INFO - Started process (PID=214) to work on /opt/airflow/dags/universal_etl_factory.py
[2026-01-27T10:32:47.089+0000] {processor.py:830} INFO - Processing file /opt/airflow/dags/universal_etl_factory.py for tasks to queue
[2026-01-27T10:32:47.090+0000] {logging_mixin.py:188} INFO - [2026-01-27T10:32:47.089+0000] {dagbag.py:538} INFO - Filling up the DagBag from /opt/airflow/dags/universal_etl_factory.py
[2026-01-27T10:32:47.097+0000] {logging_mixin.py:188} INFO - [2026-01-27T10:32:47.097+0000] {utils.py:16} INFO - Конфигурация загружена: /opt/airflow/dags/config/tables.yaml
[2026-01-27T10:32:47.100+0000] {logging_mixin.py:188} INFO - [2026-01-27T10:32:47.100+0000] {universal_etl_factory.py:190} INFO - DAG: etl_finboon__contracts
[2026-01-27T10:32:47.101+0000] {logging_mixin.py:188} INFO - [2026-01-27T10:32:47.101+0000] {universal_etl_factory.py:190} INFO - DAG: etl_finboon__clients
[2026-01-27T10:32:47.102+0000] {logging_mixin.py:188} INFO - [2026-01-27T10:32:47.102+0000] {universal_etl_factory.py:190} INFO - DAG: etl_variant__contracts
[2026-01-27T10:32:47.103+0000] {logging_mixin.py:188} INFO - [2026-01-27T10:32:47.103+0000] {universal_etl_factory.py:190} INFO - DAG: etl_variant__clients
[2026-01-27T10:32:47.106+0000] {processor.py:840} INFO - DAG(s) 'etl_variant__contracts', 'etl_finboon__clients', 'etl_finboon__contracts', 'etl_variant__clients' retrieved from /opt/airflow/dags/universal_etl_factory.py
[2026-01-27T10:32:47.136+0000] {logging_mixin.py:188} INFO - [2026-01-27T10:32:47.136+0000] {dag.py:3036} INFO - Sync 4 DAGs
[2026-01-27T10:32:47.154+0000] {logging_mixin.py:188} INFO - [2026-01-27T10:32:47.154+0000] {dag.py:3823} INFO - Setting next_dagrun for etl_finboon__clients to 2026-01-26 02:00:00+00:00, run_after=2026-01-27 02:00:00+00:00
[2026-01-27T10:32:47.157+0000] {logging_mixin.py:188} INFO - [2026-01-27T10:32:47.157+0000] {dag.py:3823} INFO - Setting next_dagrun for etl_finboon__contracts to 2026-01-26 02:00:00+00:00, run_after=2026-01-27 02:00:00+00:00
[2026-01-27T10:32:47.159+0000] {logging_mixin.py:188} INFO - [2026-01-27T10:32:47.159+0000] {dag.py:3823} INFO - Setting next_dagrun for etl_variant__clients to 2026-01-26 03:00:00+00:00, run_after=2026-01-27 03:00:00+00:00
[2026-01-27T10:32:47.160+0000] {logging_mixin.py:188} INFO - [2026-01-27T10:32:47.160+0000] {dag.py:3823} INFO - Setting next_dagrun for etl_variant__contracts to 2026-01-26 03:00:00+00:00, run_after=2026-01-27 03:00:00+00:00
[2026-01-27T10:32:47.173+0000] {processor.py:183} INFO - Processing /opt/airflow/dags/universal_etl_factory.py took 0.093 seconds
[2026-01-27T10:33:17.633+0000] {processor.py:161} INFO - Started process (PID=219) to work on /opt/airflow/dags/universal_etl_factory.py
[2026-01-27T10:33:17.634+0000] {processor.py:830} INFO - Processing file /opt/airflow/dags/universal_etl_factory.py for tasks to queue
[2026-01-27T10:33:17.634+0000] {logging_mixin.py:188} INFO - [2026-01-27T10:33:17.634+0000] {dagbag.py:538} INFO - Filling up the DagBag from /opt/airflow/dags/universal_etl_factory.py
[2026-01-27T10:33:17.641+0000] {logging_mixin.py:188} INFO - [2026-01-27T10:33:17.641+0000] {utils.py:16} INFO - Конфигурация загружена: /opt/airflow/dags/config/tables.yaml
[2026-01-27T10:33:17.645+0000] {logging_mixin.py:188} INFO - [2026-01-27T10:33:17.645+0000] {universal_etl_factory.py:190} INFO - DAG: etl_finboon__contracts
[2026-01-27T10:33:17.646+0000] {logging_mixin.py:188} INFO - [2026-01-27T10:33:17.646+0000] {universal_etl_factory.py:190} INFO - DAG: etl_finboon__clients
[2026-01-27T10:33:17.646+0000] {logging_mixin.py:188} INFO - [2026-01-27T10:33:17.646+0000] {universal_etl_factory.py:190} INFO - DAG: etl_variant__contracts
[2026-01-27T10:33:17.647+0000] {logging_mixin.py:188} INFO - [2026-01-27T10:33:17.647+0000] {universal_etl_factory.py:190} INFO - DAG: etl_variant__clients
[2026-01-27T10:33:17.651+0000] {processor.py:840} INFO - DAG(s) 'etl_finboon__contracts', 'etl_finboon__clients', 'etl_variant__contracts', 'etl_variant__clients' retrieved from /opt/airflow/dags/universal_etl_factory.py
[2026-01-27T10:33:17.679+0000] {logging_mixin.py:188} INFO - [2026-01-27T10:33:17.679+0000] {dag.py:3036} INFO - Sync 4 DAGs
[2026-01-27T10:33:17.694+0000] {logging_mixin.py:188} INFO - [2026-01-27T10:33:17.694+0000] {dag.py:3823} INFO - Setting next_dagrun for etl_finboon__clients to 2026-01-26 02:00:00+00:00, run_after=2026-01-27 02:00:00+00:00
[2026-01-27T10:33:17.697+0000] {logging_mixin.py:188} INFO - [2026-01-27T10:33:17.697+0000] {dag.py:3823} INFO - Setting next_dagrun for etl_finboon__contracts to 2026-01-26 02:00:00+00:00, run_after=2026-01-27 02:00:00+00:00
[2026-01-27T10:33:17.699+0000] {logging_mixin.py:188} INFO - [2026-01-27T10:33:17.699+0000] {dag.py:3823} INFO - Setting next_dagrun for etl_variant__clients to 2026-01-26 03:00:00+00:00, run_after=2026-01-27 03:00:00+00:00
[2026-01-27T10:33:17.700+0000] {logging_mixin.py:188} INFO - [2026-01-27T10:33:17.700+0000] {dag.py:3823} INFO - Setting next_dagrun for etl_variant__contracts to 2026-01-26 03:00:00+00:00, run_after=2026-01-27 03:00:00+00:00
[2026-01-27T10:33:17.711+0000] {processor.py:183} INFO - Processing /opt/airflow/dags/universal_etl_factory.py took 0.081 seconds
