[2026-03-30T13:58:22.854+0000] {manager.py:469} INFO - Processing files using up to 2 processes at a time 
[2026-03-30T13:58:22.854+0000] {manager.py:470} INFO - Process each file at most once every 30 seconds
[2026-03-30T13:58:22.855+0000] {manager.py:471} INFO - Checking for new files in /opt/airflow/dags every 300 seconds
[2026-03-30T13:58:22.855+0000] {manager.py:738} INFO - Searching for files in /opt/airflow/dags
[2026-03-30T13:58:22.858+0000] {manager.py:741} INFO - There are 1 files in /opt/airflow/dags
[2026-03-30T13:58:22.999+0000] {manager.py:879} INFO - 
================================================================================
DAG File Processing Stats

File Path                                     PID  Runtime      # DAGs    # Errors  Last Runtime    Last Run
------------------------------------------  -----  ---------  --------  ----------  --------------  ----------
/opt/airflow/dags/universal_etl_factory.py    178  0.06s             0           0
================================================================================
[2026-03-30T13:58:53.158+0000] {manager.py:879} INFO - 
================================================================================
DAG File Processing Stats

File Path                                     PID  Runtime      # DAGs    # Errors  Last Runtime    Last Run
------------------------------------------  -----  ---------  --------  ----------  --------------  -------------------
/opt/airflow/dags/universal_etl_factory.py    187  0.01s             4           0  0.18s           2026-03-30T13:58:23
================================================================================
[2026-03-30T13:59:23.382+0000] {manager.py:879} INFO - 
================================================================================
DAG File Processing Stats

File Path                                   PID    Runtime      # DAGs    # Errors  Last Runtime    Last Run
------------------------------------------  -----  ---------  --------  ----------  --------------  -------------------
/opt/airflow/dags/universal_etl_factory.py                           4           0  0.35s           2026-03-30T13:58:53
================================================================================
[2026-03-30T13:59:53.808+0000] {manager.py:879} INFO - 
================================================================================
DAG File Processing Stats

File Path                                     PID  Runtime      # DAGs    # Errors  Last Runtime    Last Run
------------------------------------------  -----  ---------  --------  ----------  --------------  -------------------
/opt/airflow/dags/universal_etl_factory.py    200  0.00s             4           0  0.12s           2026-03-30T13:59:23
================================================================================
[2026-03-30T14:00:24.047+0000] {manager.py:879} INFO - 
================================================================================
DAG File Processing Stats

File Path                                     PID  Runtime      # DAGs    # Errors  Last Runtime    Last Run
------------------------------------------  -----  ---------  --------  ----------  --------------  -------------------
/opt/airflow/dags/universal_etl_factory.py    235  0.00s             4           0  0.11s           2026-03-30T13:59:53
================================================================================
[2026-03-30T14:00:54.215+0000] {manager.py:879} INFO - 
================================================================================
DAG File Processing Stats

File Path                                     PID  Runtime      # DAGs    # Errors  Last Runtime    Last Run
------------------------------------------  -----  ---------  --------  ----------  --------------  -------------------
/opt/airflow/dags/universal_etl_factory.py    267  0.00s             4           0  0.14s           2026-03-30T14:00:24
================================================================================
[2026-03-30T14:01:24.445+0000] {manager.py:879} INFO - 
================================================================================
DAG File Processing Stats

File Path                                     PID  Runtime      # DAGs    # Errors  Last Runtime    Last Run
------------------------------------------  -----  ---------  --------  ----------  --------------  -------------------
/opt/airflow/dags/universal_etl_factory.py    272  0.00s             4           0  0.16s           2026-03-30T14:00:54
================================================================================
