[2026-02-15T16:46:02.455+0000] {taskinstance.py:1956} INFO - Dependencies all met for dep_context=non-requeueable deps ti=<TaskInstance: etl_variant__clients.load scheduled__2026-02-14T03:00:00+00:00 [queued]>
[2026-02-15T16:46:02.469+0000] {taskinstance.py:1956} INFO - Dependencies all met for dep_context=requeueable deps ti=<TaskInstance: etl_variant__clients.load scheduled__2026-02-14T03:00:00+00:00 [queued]>
[2026-02-15T16:46:02.469+0000] {taskinstance.py:2170} INFO - Starting attempt 1 of 3
[2026-02-15T16:46:02.514+0000] {taskinstance.py:2191} INFO - Executing <Task(PythonOperator): load> on 2026-02-14 03:00:00+00:00
[2026-02-15T16:46:02.521+0000] {standard_task_runner.py:60} INFO - Started process 481 to run task
[2026-02-15T16:46:02.528+0000] {standard_task_runner.py:87} INFO - Running: ['***', 'tasks', 'run', 'etl_variant__clients', 'load', 'scheduled__2026-02-14T03:00:00+00:00', '--job-id', '66', '--raw', '--subdir', 'DAGS_FOLDER/universal_etl_factory.py', '--cfg-path', '/tmp/tmpq0xgex5_']
[2026-02-15T16:46:02.532+0000] {standard_task_runner.py:88} INFO - Job 66: Subtask load
[2026-02-15T16:46:02.676+0000] {task_command.py:423} INFO - Running <TaskInstance: etl_variant__clients.load scheduled__2026-02-14T03:00:00+00:00 [running]> on host 544250c3cab2
[2026-02-15T16:46:02.858+0000] {taskinstance.py:2480} INFO - Exporting env vars: AIRFLOW_CTX_DAG_OWNER='***' AIRFLOW_CTX_DAG_ID='etl_variant__clients' AIRFLOW_CTX_TASK_ID='load' AIRFLOW_CTX_EXECUTION_DATE='2026-02-14T03:00:00+00:00' AIRFLOW_CTX_TRY_NUMBER='1' AIRFLOW_CTX_DAG_RUN_ID='scheduled__2026-02-14T03:00:00+00:00'
[2026-02-15T16:46:02.924+0000] {utils.py:16} INFO - Конфигурация загружена: /opt/***/dags/config/tables.yaml
[2026-02-15T16:46:02.926+0000] {universal_etl_factory.py:183} INFO - === LOAD Start ===
[2026-02-15T16:46:02.927+0000] {universal_etl_factory.py:184} INFO - Target: clients
[2026-02-15T16:46:02.927+0000] {universal_etl_factory.py:185} INFO - Company: company_002
[2026-02-15T16:46:02.928+0000] {universal_etl_factory.py:186} INFO - Job ID: etl_variant__clients_6195f716
[2026-02-15T16:46:05.062+0000] {connections.py:82} INFO - Подключено к ClickHouse: clickhouse
[2026-02-15T16:46:05.068+0000] {loader.py:51} INFO - Таблица clients готова
[2026-02-15T16:46:05.079+0000] {loader.py:60} INFO - Удалены данные схемы variant из clients
[2026-02-15T16:46:06.589+0000] {loader.py:147} INFO - Загружено 50000/561698
[2026-02-15T16:46:07.968+0000] {loader.py:147} INFO - Загружено 100000/561698
[2026-02-15T16:46:09.204+0000] {loader.py:147} INFO - Загружено 150000/561698
[2026-02-15T16:46:10.441+0000] {loader.py:147} INFO - Загружено 200000/561698
[2026-02-15T16:46:11.808+0000] {loader.py:147} INFO - Загружено 250000/561698
[2026-02-15T16:46:13.056+0000] {loader.py:147} INFO - Загружено 300000/561698
[2026-02-15T16:46:14.458+0000] {loader.py:147} INFO - Загружено 350000/561698
[2026-02-15T16:46:15.827+0000] {loader.py:147} INFO - Загружено 400000/561698
[2026-02-15T16:46:17.063+0000] {loader.py:147} INFO - Загружено 450000/561698
[2026-02-15T16:46:18.370+0000] {loader.py:147} INFO - Загружено 500000/561698
[2026-02-15T16:46:19.620+0000] {loader.py:147} INFO - Загружено 550000/561698
[2026-02-15T16:46:19.913+0000] {loader.py:147} INFO - Загружено 561698/561698
[2026-02-15T16:46:20.948+0000] {loader.py:155} INFO - Таблица clients оптимизирована
[2026-02-15T16:46:20.993+0000] {universal_etl_factory.py:234} INFO - === LOAD Complete: 561698 строк ===
[2026-02-15T16:46:21.273+0000] {python.py:201} INFO - Done. Returned value was: {'job_id': 'etl_variant__clients_6195f716', 'rows_loaded': 561698, 'target_table': 'clients', 'company_id': 'company_002'}
[2026-02-15T16:46:21.304+0000] {taskinstance.py:1138} INFO - Marking task as SUCCESS. dag_id=etl_variant__clients, task_id=load, execution_date=20260214T030000, start_date=20260215T164602, end_date=20260215T164621
[2026-02-15T16:46:21.332+0000] {local_task_job_runner.py:234} INFO - Task exited with return code 0
[2026-02-15T16:46:21.361+0000] {taskinstance.py:3280} INFO - 0 downstream tasks scheduled from follow-on schedule check
