[2026-02-15T16:35:49.104+0000] {taskinstance.py:1956} INFO - Dependencies all met for dep_context=non-requeueable deps ti=<TaskInstance: etl_variant__clients.load manual__2026-02-01T21:40:05.227070+00:00 [queued]>
[2026-02-15T16:35:49.115+0000] {taskinstance.py:1956} INFO - Dependencies all met for dep_context=requeueable deps ti=<TaskInstance: etl_variant__clients.load manual__2026-02-01T21:40:05.227070+00:00 [queued]>
[2026-02-15T16:35:49.115+0000] {taskinstance.py:2170} INFO - Starting attempt 1 of 3
[2026-02-15T16:35:49.131+0000] {taskinstance.py:2191} INFO - Executing <Task(PythonOperator): load> on 2026-02-01 21:40:05.227070+00:00
[2026-02-15T16:35:49.138+0000] {standard_task_runner.py:60} INFO - Started process 319 to run task
[2026-02-15T16:35:49.144+0000] {standard_task_runner.py:87} INFO - Running: ['***', 'tasks', 'run', 'etl_variant__clients', 'load', 'manual__2026-02-01T21:40:05.227070+00:00', '--job-id', '36', '--raw', '--subdir', 'DAGS_FOLDER/universal_etl_factory.py', '--cfg-path', '/tmp/tmpaht2fy27']
[2026-02-15T16:35:49.148+0000] {standard_task_runner.py:88} INFO - Job 36: Subtask load
[2026-02-15T16:35:49.234+0000] {task_command.py:423} INFO - Running <TaskInstance: etl_variant__clients.load manual__2026-02-01T21:40:05.227070+00:00 [running]> on host 544250c3cab2
[2026-02-15T16:35:49.395+0000] {taskinstance.py:2480} INFO - Exporting env vars: AIRFLOW_CTX_DAG_OWNER='***' AIRFLOW_CTX_DAG_ID='etl_variant__clients' AIRFLOW_CTX_TASK_ID='load' AIRFLOW_CTX_EXECUTION_DATE='2026-02-01T21:40:05.227070+00:00' AIRFLOW_CTX_TRY_NUMBER='1' AIRFLOW_CTX_DAG_RUN_ID='manual__2026-02-01T21:40:05.227070+00:00'
[2026-02-15T16:35:49.434+0000] {utils.py:16} INFO - Конфигурация загружена: /opt/***/dags/config/tables.yaml
[2026-02-15T16:35:49.435+0000] {universal_etl_factory.py:183} INFO - === LOAD Start ===
[2026-02-15T16:35:49.435+0000] {universal_etl_factory.py:184} INFO - Target: clients
[2026-02-15T16:35:49.435+0000] {universal_etl_factory.py:185} INFO - Company: company_002
[2026-02-15T16:35:49.435+0000] {universal_etl_factory.py:186} INFO - Job ID: etl_variant__clients_3f992ae7
[2026-02-15T16:35:51.925+0000] {connections.py:82} INFO - Подключено к ClickHouse: clickhouse
[2026-02-15T16:35:51.929+0000] {loader.py:51} INFO - Таблица clients готова
[2026-02-15T16:35:51.936+0000] {loader.py:60} INFO - Удалены данные схемы variant из clients
[2026-02-15T16:35:53.670+0000] {loader.py:147} INFO - Загружено 50000/561698
[2026-02-15T16:35:55.392+0000] {loader.py:147} INFO - Загружено 100000/561698
[2026-02-15T16:35:57.082+0000] {loader.py:147} INFO - Загружено 150000/561698
[2026-02-15T16:35:58.533+0000] {loader.py:147} INFO - Загружено 200000/561698
[2026-02-15T16:36:00.116+0000] {loader.py:147} INFO - Загружено 250000/561698
[2026-02-15T16:36:04.074+0000] {loader.py:147} INFO - Загружено 300000/561698
[2026-02-15T16:36:05.774+0000] {loader.py:147} INFO - Загружено 350000/561698
[2026-02-15T16:36:07.331+0000] {loader.py:147} INFO - Загружено 400000/561698
[2026-02-15T16:36:08.912+0000] {loader.py:147} INFO - Загружено 450000/561698
[2026-02-15T16:36:10.451+0000] {loader.py:147} INFO - Загружено 500000/561698
[2026-02-15T16:36:11.935+0000] {loader.py:147} INFO - Загружено 550000/561698
[2026-02-15T16:36:12.335+0000] {loader.py:147} INFO - Загружено 561698/561698
[2026-02-15T16:36:13.193+0000] {loader.py:155} INFO - Таблица clients оптимизирована
[2026-02-15T16:36:13.225+0000] {universal_etl_factory.py:234} INFO - === LOAD Complete: 561698 строк ===
[2026-02-15T16:36:13.462+0000] {python.py:201} INFO - Done. Returned value was: {'job_id': 'etl_variant__clients_3f992ae7', 'rows_loaded': 561698, 'target_table': 'clients', 'company_id': 'company_002'}
[2026-02-15T16:36:13.494+0000] {taskinstance.py:1138} INFO - Marking task as SUCCESS. dag_id=etl_variant__clients, task_id=load, execution_date=20260201T214005, start_date=20260215T163549, end_date=20260215T163613
[2026-02-15T16:36:13.530+0000] {local_task_job_runner.py:234} INFO - Task exited with return code 0
[2026-02-15T16:36:13.550+0000] {taskinstance.py:3280} INFO - 0 downstream tasks scheduled from follow-on schedule check
