[2026-01-26T17:22:29.869+0000] {processor.py:161} INFO - Started process (PID=243) to work on /opt/airflow/dags/etl/utils.py
[2026-01-26T17:22:29.870+0000] {processor.py:830} INFO - Processing file /opt/airflow/dags/etl/utils.py for tasks to queue
[2026-01-26T17:22:29.870+0000] {logging_mixin.py:188} INFO - [2026-01-26T17:22:29.870+0000] {dagbag.py:538} INFO - Filling up the DagBag from /opt/airflow/dags/etl/utils.py
[2026-01-26T17:22:29.872+0000] {logging_mixin.py:188} INFO - [2026-01-26T17:22:29.872+0000] {dagbag.py:348} ERROR - Failed to import: /opt/airflow/dags/etl/utils.py
Traceback (most recent call last):
  File "/home/airflow/.local/lib/python3.8/site-packages/airflow/models/dagbag.py", line 344, in parse
    loader.exec_module(new_module)
  File "<frozen importlib._bootstrap_external>", line 839, in exec_module
  File "<frozen importlib._bootstrap_external>", line 976, in get_code
  File "<frozen importlib._bootstrap_external>", line 906, in source_to_code
  File "<frozen importlib._bootstrap>", line 219, in _call_with_frames_removed
  File "/opt/airflow/dags/etl/utils.py", line 28
    cat > ~/airflow-clickhouse/dags/etl/connections.py << 'EOF'
           ^
SyntaxError: invalid syntax
[2026-01-26T17:22:29.873+0000] {processor.py:842} WARNING - No viable dags retrieved from /opt/airflow/dags/etl/utils.py
[2026-01-26T17:22:29.894+0000] {processor.py:183} INFO - Processing /opt/airflow/dags/etl/utils.py took 0.028 seconds
[2026-01-26T17:23:00.856+0000] {processor.py:161} INFO - Started process (PID=253) to work on /opt/airflow/dags/etl/utils.py
[2026-01-26T17:23:00.857+0000] {processor.py:830} INFO - Processing file /opt/airflow/dags/etl/utils.py for tasks to queue
[2026-01-26T17:23:00.858+0000] {logging_mixin.py:188} INFO - [2026-01-26T17:23:00.857+0000] {dagbag.py:538} INFO - Filling up the DagBag from /opt/airflow/dags/etl/utils.py
[2026-01-26T17:23:00.860+0000] {logging_mixin.py:188} INFO - [2026-01-26T17:23:00.859+0000] {dagbag.py:348} ERROR - Failed to import: /opt/airflow/dags/etl/utils.py
Traceback (most recent call last):
  File "/home/airflow/.local/lib/python3.8/site-packages/airflow/models/dagbag.py", line 344, in parse
    loader.exec_module(new_module)
  File "<frozen importlib._bootstrap_external>", line 839, in exec_module
  File "<frozen importlib._bootstrap_external>", line 976, in get_code
  File "<frozen importlib._bootstrap_external>", line 906, in source_to_code
  File "<frozen importlib._bootstrap>", line 219, in _call_with_frames_removed
  File "/opt/airflow/dags/etl/utils.py", line 28
    cat > ~/airflow-clickhouse/dags/etl/connections.py << 'EOF'
           ^
SyntaxError: invalid syntax
[2026-01-26T17:23:00.860+0000] {processor.py:842} WARNING - No viable dags retrieved from /opt/airflow/dags/etl/utils.py
[2026-01-26T17:23:00.876+0000] {processor.py:183} INFO - Processing /opt/airflow/dags/etl/utils.py took 0.023 seconds
[2026-01-26T17:23:02.870+0000] {processor.py:161} INFO - Started process (PID=258) to work on /opt/airflow/dags/etl/utils.py
[2026-01-26T17:23:02.871+0000] {processor.py:830} INFO - Processing file /opt/airflow/dags/etl/utils.py for tasks to queue
[2026-01-26T17:23:02.871+0000] {logging_mixin.py:188} INFO - [2026-01-26T17:23:02.871+0000] {dagbag.py:538} INFO - Filling up the DagBag from /opt/airflow/dags/etl/utils.py
[2026-01-26T17:23:02.873+0000] {logging_mixin.py:188} INFO - [2026-01-26T17:23:02.873+0000] {dagbag.py:348} ERROR - Failed to import: /opt/airflow/dags/etl/utils.py
Traceback (most recent call last):
  File "/home/airflow/.local/lib/python3.8/site-packages/airflow/models/dagbag.py", line 344, in parse
    loader.exec_module(new_module)
  File "<frozen importlib._bootstrap_external>", line 839, in exec_module
  File "<frozen importlib._bootstrap_external>", line 976, in get_code
  File "<frozen importlib._bootstrap_external>", line 906, in source_to_code
  File "<frozen importlib._bootstrap>", line 219, in _call_with_frames_removed
  File "/opt/airflow/dags/etl/utils.py", line 28
    cat > ~/airflow-clickhouse/dags/etl/connections.py << 'EOF'
           ^
SyntaxError: invalid syntax
[2026-01-26T17:23:02.874+0000] {processor.py:842} WARNING - No viable dags retrieved from /opt/airflow/dags/etl/utils.py
[2026-01-26T17:23:02.891+0000] {processor.py:183} INFO - Processing /opt/airflow/dags/etl/utils.py took 0.024 seconds
[2026-01-26T17:23:04.908+0000] {processor.py:161} INFO - Started process (PID=263) to work on /opt/airflow/dags/etl/utils.py
[2026-01-26T17:23:04.909+0000] {processor.py:830} INFO - Processing file /opt/airflow/dags/etl/utils.py for tasks to queue
[2026-01-26T17:23:04.910+0000] {logging_mixin.py:188} INFO - [2026-01-26T17:23:04.909+0000] {dagbag.py:538} INFO - Filling up the DagBag from /opt/airflow/dags/etl/utils.py
[2026-01-26T17:23:04.912+0000] {logging_mixin.py:188} INFO - [2026-01-26T17:23:04.911+0000] {dagbag.py:348} ERROR - Failed to import: /opt/airflow/dags/etl/utils.py
Traceback (most recent call last):
  File "/home/airflow/.local/lib/python3.8/site-packages/airflow/models/dagbag.py", line 344, in parse
    loader.exec_module(new_module)
  File "<frozen importlib._bootstrap_external>", line 839, in exec_module
  File "<frozen importlib._bootstrap_external>", line 976, in get_code
  File "<frozen importlib._bootstrap_external>", line 906, in source_to_code
  File "<frozen importlib._bootstrap>", line 219, in _call_with_frames_removed
  File "/opt/airflow/dags/etl/utils.py", line 27
    cat > ~/airflow-clickhouse/dags/etl/connections.py << 'EOF'
           ^
SyntaxError: invalid syntax
[2026-01-26T17:23:04.912+0000] {processor.py:842} WARNING - No viable dags retrieved from /opt/airflow/dags/etl/utils.py
[2026-01-26T17:23:04.926+0000] {processor.py:183} INFO - Processing /opt/airflow/dags/etl/utils.py took 0.020 seconds
[2026-01-26T17:23:05.917+0000] {processor.py:161} INFO - Started process (PID=268) to work on /opt/airflow/dags/etl/utils.py
[2026-01-26T17:23:05.918+0000] {processor.py:830} INFO - Processing file /opt/airflow/dags/etl/utils.py for tasks to queue
[2026-01-26T17:23:05.919+0000] {logging_mixin.py:188} INFO - [2026-01-26T17:23:05.919+0000] {dagbag.py:538} INFO - Filling up the DagBag from /opt/airflow/dags/etl/utils.py
[2026-01-26T17:23:05.920+0000] {logging_mixin.py:188} INFO - [2026-01-26T17:23:05.920+0000] {dagbag.py:348} ERROR - Failed to import: /opt/airflow/dags/etl/utils.py
Traceback (most recent call last):
  File "/home/airflow/.local/lib/python3.8/site-packages/airflow/models/dagbag.py", line 344, in parse
    loader.exec_module(new_module)
  File "<frozen importlib._bootstrap_external>", line 839, in exec_module
  File "<frozen importlib._bootstrap_external>", line 976, in get_code
  File "<frozen importlib._bootstrap_external>", line 906, in source_to_code
  File "<frozen importlib._bootstrap>", line 219, in _call_with_frames_removed
  File "/opt/airflow/dags/etl/utils.py", line 27
    cat > ~/airflow-clickhouse/dags/etl/connections.py << 'EOF'
           ^
SyntaxError: invalid syntax
[2026-01-26T17:23:05.921+0000] {processor.py:842} WARNING - No viable dags retrieved from /opt/airflow/dags/etl/utils.py
[2026-01-26T17:23:05.935+0000] {processor.py:183} INFO - Processing /opt/airflow/dags/etl/utils.py took 0.020 seconds
[2026-01-26T17:23:21.680+0000] {processor.py:161} INFO - Started process (PID=278) to work on /opt/airflow/dags/etl/utils.py
[2026-01-26T17:23:21.681+0000] {processor.py:830} INFO - Processing file /opt/airflow/dags/etl/utils.py for tasks to queue
[2026-01-26T17:23:21.683+0000] {logging_mixin.py:188} INFO - [2026-01-26T17:23:21.682+0000] {dagbag.py:538} INFO - Filling up the DagBag from /opt/airflow/dags/etl/utils.py
[2026-01-26T17:23:21.685+0000] {logging_mixin.py:188} INFO - [2026-01-26T17:23:21.685+0000] {dagbag.py:348} ERROR - Failed to import: /opt/airflow/dags/etl/utils.py
Traceback (most recent call last):
  File "/home/airflow/.local/lib/python3.8/site-packages/airflow/models/dagbag.py", line 344, in parse
    loader.exec_module(new_module)
  File "<frozen importlib._bootstrap_external>", line 839, in exec_module
  File "<frozen importlib._bootstrap_external>", line 976, in get_code
  File "<frozen importlib._bootstrap_external>", line 906, in source_to_code
  File "<frozen importlib._bootstrap>", line 219, in _call_with_frames_removed
  File "/opt/airflow/dags/etl/utils.py", line 1
    cat > ~/airflow-clickhouse/dags/etl/utils.py << 'EOF'
           ^
SyntaxError: invalid syntax
[2026-01-26T17:23:21.685+0000] {processor.py:842} WARNING - No viable dags retrieved from /opt/airflow/dags/etl/utils.py
[2026-01-26T17:23:21.703+0000] {processor.py:183} INFO - Processing /opt/airflow/dags/etl/utils.py took 0.027 seconds
[2026-01-26T17:23:37.777+0000] {processor.py:161} INFO - Started process (PID=283) to work on /opt/airflow/dags/etl/utils.py
[2026-01-26T17:23:37.780+0000] {processor.py:830} INFO - Processing file /opt/airflow/dags/etl/utils.py for tasks to queue
[2026-01-26T17:23:37.781+0000] {logging_mixin.py:188} INFO - [2026-01-26T17:23:37.780+0000] {dagbag.py:538} INFO - Filling up the DagBag from /opt/airflow/dags/etl/utils.py
[2026-01-26T17:23:37.783+0000] {logging_mixin.py:188} INFO - [2026-01-26T17:23:37.782+0000] {dagbag.py:348} ERROR - Failed to import: /opt/airflow/dags/etl/utils.py
Traceback (most recent call last):
  File "/home/airflow/.local/lib/python3.8/site-packages/airflow/models/dagbag.py", line 344, in parse
    loader.exec_module(new_module)
  File "<frozen importlib._bootstrap_external>", line 839, in exec_module
  File "<frozen importlib._bootstrap_external>", line 976, in get_code
  File "<frozen importlib._bootstrap_external>", line 906, in source_to_code
  File "<frozen importlib._bootstrap>", line 219, in _call_with_frames_removed
  File "/opt/airflow/dags/etl/utils.py", line 27
    cat > ~/airflow-clickhouse/dags/etl/connections.py << 'EOF'
           ^
SyntaxError: invalid syntax
[2026-01-26T17:23:37.783+0000] {processor.py:842} WARNING - No viable dags retrieved from /opt/airflow/dags/etl/utils.py
[2026-01-26T17:23:37.800+0000] {processor.py:183} INFO - Processing /opt/airflow/dags/etl/utils.py took 0.026 seconds
[2026-01-26T17:23:44.856+0000] {processor.py:161} INFO - Started process (PID=293) to work on /opt/airflow/dags/etl/utils.py
[2026-01-26T17:23:44.857+0000] {processor.py:830} INFO - Processing file /opt/airflow/dags/etl/utils.py for tasks to queue
[2026-01-26T17:23:44.858+0000] {logging_mixin.py:188} INFO - [2026-01-26T17:23:44.858+0000] {dagbag.py:538} INFO - Filling up the DagBag from /opt/airflow/dags/etl/utils.py
[2026-01-26T17:23:44.860+0000] {logging_mixin.py:188} INFO - [2026-01-26T17:23:44.860+0000] {dagbag.py:325} INFO - File /opt/airflow/dags/etl/utils.py assumed to contain no DAGs. Skipping.
[2026-01-26T17:23:44.860+0000] {processor.py:842} WARNING - No viable dags retrieved from /opt/airflow/dags/etl/utils.py
[2026-01-26T17:23:44.875+0000] {processor.py:183} INFO - Processing /opt/airflow/dags/etl/utils.py took 0.023 seconds
[2026-01-26T17:24:15.340+0000] {processor.py:161} INFO - Started process (PID=310) to work on /opt/airflow/dags/etl/utils.py
[2026-01-26T17:24:15.342+0000] {processor.py:830} INFO - Processing file /opt/airflow/dags/etl/utils.py for tasks to queue
[2026-01-26T17:24:15.343+0000] {logging_mixin.py:188} INFO - [2026-01-26T17:24:15.343+0000] {dagbag.py:538} INFO - Filling up the DagBag from /opt/airflow/dags/etl/utils.py
[2026-01-26T17:24:15.344+0000] {logging_mixin.py:188} INFO - [2026-01-26T17:24:15.344+0000] {dagbag.py:325} INFO - File /opt/airflow/dags/etl/utils.py assumed to contain no DAGs. Skipping.
[2026-01-26T17:24:15.344+0000] {processor.py:842} WARNING - No viable dags retrieved from /opt/airflow/dags/etl/utils.py
[2026-01-26T17:24:15.358+0000] {processor.py:183} INFO - Processing /opt/airflow/dags/etl/utils.py took 0.022 seconds
[2026-01-26T17:24:46.040+0000] {processor.py:161} INFO - Started process (PID=327) to work on /opt/airflow/dags/etl/utils.py
[2026-01-26T17:24:46.040+0000] {processor.py:830} INFO - Processing file /opt/airflow/dags/etl/utils.py for tasks to queue
[2026-01-26T17:24:46.041+0000] {logging_mixin.py:188} INFO - [2026-01-26T17:24:46.041+0000] {dagbag.py:538} INFO - Filling up the DagBag from /opt/airflow/dags/etl/utils.py
[2026-01-26T17:24:46.042+0000] {logging_mixin.py:188} INFO - [2026-01-26T17:24:46.042+0000] {dagbag.py:325} INFO - File /opt/airflow/dags/etl/utils.py assumed to contain no DAGs. Skipping.
[2026-01-26T17:24:46.042+0000] {processor.py:842} WARNING - No viable dags retrieved from /opt/airflow/dags/etl/utils.py
[2026-01-26T17:24:46.055+0000] {processor.py:183} INFO - Processing /opt/airflow/dags/etl/utils.py took 0.018 seconds
[2026-01-26T17:25:16.769+0000] {processor.py:161} INFO - Started process (PID=337) to work on /opt/airflow/dags/etl/utils.py
[2026-01-26T17:25:16.772+0000] {processor.py:830} INFO - Processing file /opt/airflow/dags/etl/utils.py for tasks to queue
[2026-01-26T17:25:16.773+0000] {logging_mixin.py:188} INFO - [2026-01-26T17:25:16.773+0000] {dagbag.py:538} INFO - Filling up the DagBag from /opt/airflow/dags/etl/utils.py
[2026-01-26T17:25:16.774+0000] {logging_mixin.py:188} INFO - [2026-01-26T17:25:16.774+0000] {dagbag.py:325} INFO - File /opt/airflow/dags/etl/utils.py assumed to contain no DAGs. Skipping.
[2026-01-26T17:25:16.775+0000] {processor.py:842} WARNING - No viable dags retrieved from /opt/airflow/dags/etl/utils.py
[2026-01-26T17:25:16.787+0000] {processor.py:183} INFO - Processing /opt/airflow/dags/etl/utils.py took 0.023 seconds
[2026-01-26T17:25:47.476+0000] {processor.py:161} INFO - Started process (PID=347) to work on /opt/airflow/dags/etl/utils.py
[2026-01-26T17:25:47.476+0000] {processor.py:830} INFO - Processing file /opt/airflow/dags/etl/utils.py for tasks to queue
[2026-01-26T17:25:47.477+0000] {logging_mixin.py:188} INFO - [2026-01-26T17:25:47.477+0000] {dagbag.py:538} INFO - Filling up the DagBag from /opt/airflow/dags/etl/utils.py
[2026-01-26T17:25:47.478+0000] {logging_mixin.py:188} INFO - [2026-01-26T17:25:47.478+0000] {dagbag.py:325} INFO - File /opt/airflow/dags/etl/utils.py assumed to contain no DAGs. Skipping.
[2026-01-26T17:25:47.478+0000] {processor.py:842} WARNING - No viable dags retrieved from /opt/airflow/dags/etl/utils.py
[2026-01-26T17:25:47.493+0000] {processor.py:183} INFO - Processing /opt/airflow/dags/etl/utils.py took 0.021 seconds
[2026-01-26T17:26:18.199+0000] {processor.py:161} INFO - Started process (PID=357) to work on /opt/airflow/dags/etl/utils.py
[2026-01-26T17:26:18.202+0000] {processor.py:830} INFO - Processing file /opt/airflow/dags/etl/utils.py for tasks to queue
[2026-01-26T17:26:18.203+0000] {logging_mixin.py:188} INFO - [2026-01-26T17:26:18.202+0000] {dagbag.py:538} INFO - Filling up the DagBag from /opt/airflow/dags/etl/utils.py
[2026-01-26T17:26:18.204+0000] {logging_mixin.py:188} INFO - [2026-01-26T17:26:18.203+0000] {dagbag.py:325} INFO - File /opt/airflow/dags/etl/utils.py assumed to contain no DAGs. Skipping.
[2026-01-26T17:26:18.204+0000] {processor.py:842} WARNING - No viable dags retrieved from /opt/airflow/dags/etl/utils.py
[2026-01-26T17:26:18.218+0000] {processor.py:183} INFO - Processing /opt/airflow/dags/etl/utils.py took 0.022 seconds
[2026-01-26T17:26:48.943+0000] {processor.py:161} INFO - Started process (PID=367) to work on /opt/airflow/dags/etl/utils.py
[2026-01-26T17:26:48.944+0000] {processor.py:830} INFO - Processing file /opt/airflow/dags/etl/utils.py for tasks to queue
[2026-01-26T17:26:48.944+0000] {logging_mixin.py:188} INFO - [2026-01-26T17:26:48.944+0000] {dagbag.py:538} INFO - Filling up the DagBag from /opt/airflow/dags/etl/utils.py
[2026-01-26T17:26:48.945+0000] {logging_mixin.py:188} INFO - [2026-01-26T17:26:48.945+0000] {dagbag.py:325} INFO - File /opt/airflow/dags/etl/utils.py assumed to contain no DAGs. Skipping.
[2026-01-26T17:26:48.946+0000] {processor.py:842} WARNING - No viable dags retrieved from /opt/airflow/dags/etl/utils.py
[2026-01-26T17:26:48.958+0000] {processor.py:183} INFO - Processing /opt/airflow/dags/etl/utils.py took 0.018 seconds
[2026-01-26T17:27:19.642+0000] {processor.py:161} INFO - Started process (PID=377) to work on /opt/airflow/dags/etl/utils.py
[2026-01-26T17:27:19.645+0000] {processor.py:830} INFO - Processing file /opt/airflow/dags/etl/utils.py for tasks to queue
[2026-01-26T17:27:19.646+0000] {logging_mixin.py:188} INFO - [2026-01-26T17:27:19.645+0000] {dagbag.py:538} INFO - Filling up the DagBag from /opt/airflow/dags/etl/utils.py
[2026-01-26T17:27:19.647+0000] {logging_mixin.py:188} INFO - [2026-01-26T17:27:19.646+0000] {dagbag.py:325} INFO - File /opt/airflow/dags/etl/utils.py assumed to contain no DAGs. Skipping.
[2026-01-26T17:27:19.647+0000] {processor.py:842} WARNING - No viable dags retrieved from /opt/airflow/dags/etl/utils.py
[2026-01-26T17:27:19.661+0000] {processor.py:183} INFO - Processing /opt/airflow/dags/etl/utils.py took 0.022 seconds
