[2026-02-15T16:33:07.409+0000] {taskinstance.py:1956} INFO - Dependencies all met for dep_context=non-requeueable deps ti=<TaskInstance: etl_finboon__clients.extract manual__2026-02-15T16:28:16.849829+00:00 [queued]>
[2026-02-15T16:33:07.421+0000] {taskinstance.py:1956} INFO - Dependencies all met for dep_context=requeueable deps ti=<TaskInstance: etl_finboon__clients.extract manual__2026-02-15T16:28:16.849829+00:00 [queued]>
[2026-02-15T16:33:07.422+0000] {taskinstance.py:2170} INFO - Starting attempt 1 of 2
[2026-02-15T16:33:07.440+0000] {taskinstance.py:2191} INFO - Executing <Task(PythonOperator): extract> on 2026-02-15 16:28:16.849829+00:00
[2026-02-15T16:33:07.447+0000] {standard_task_runner.py:60} INFO - Started process 268 to run task
[2026-02-15T16:33:07.452+0000] {standard_task_runner.py:87} INFO - Running: ['***', 'tasks', 'run', 'etl_finboon__clients', 'extract', 'manual__2026-02-15T16:28:16.849829+00:00', '--job-id', '23', '--raw', '--subdir', 'DAGS_FOLDER/universal_etl_factory.py', '--cfg-path', '/tmp/tmp_mmlk8et']
[2026-02-15T16:33:07.454+0000] {standard_task_runner.py:88} INFO - Job 23: Subtask extract
[2026-02-15T16:33:07.544+0000] {task_command.py:423} INFO - Running <TaskInstance: etl_finboon__clients.extract manual__2026-02-15T16:28:16.849829+00:00 [running]> on host 544250c3cab2
[2026-02-15T16:33:07.702+0000] {taskinstance.py:2480} INFO - Exporting env vars: AIRFLOW_CTX_DAG_OWNER='***' AIRFLOW_CTX_DAG_ID='etl_finboon__clients' AIRFLOW_CTX_TASK_ID='extract' AIRFLOW_CTX_EXECUTION_DATE='2026-02-15T16:28:16.849829+00:00' AIRFLOW_CTX_TRY_NUMBER='1' AIRFLOW_CTX_DAG_RUN_ID='manual__2026-02-15T16:28:16.849829+00:00'
[2026-02-15T16:33:07.713+0000] {utils.py:16} INFO - Конфигурация загружена: /opt/***/dags/config/tables.yaml
[2026-02-15T16:33:07.714+0000] {universal_etl_factory.py:43} INFO - === EXTRACT Start ===
[2026-02-15T16:33:07.714+0000] {universal_etl_factory.py:44} INFO - Source: finboon.clients
[2026-02-15T16:33:07.714+0000] {universal_etl_factory.py:45} INFO - Job ID: etl_finboon__clients_1a5174f0
[2026-02-15T16:33:07.765+0000] {connections.py:51} INFO - Подключено к mariadb://10.0.20.2/variant
[2026-02-15T16:33:07.766+0000] {extractor.py:30} INFO - Выгрузка: finboon.clients
[2026-02-15T16:33:34.902+0000] {extractor.py:36} INFO - Извлечено 219795 строк, 19 колонок
[2026-02-15T16:33:34.904+0000] {universal_etl_factory.py:60} INFO - Извлечено 219795 строк
[2026-02-15T16:33:37.390+0000] {extractor.py:56} INFO - CSV сохранён: /opt/***/dags/backups/finboon__clients_20260215_163334_etl_finboon__clients_1a5174f0.csv (219795 строк)
[2026-02-15T16:33:39.335+0000] {universal_etl_factory.py:90} INFO - === EXTRACT Complete ===
[2026-02-15T16:33:39.398+0000] {python.py:201} INFO - Done. Returned value was: {'job_id': 'etl_finboon__clients_1a5174f0', 'rows_extracted': 219795, 'temp_file': '/opt/***/dags/temp/etl_finboon__clients_1a5174f0_data.pkl', 'columns': ['id', 'name', 'surname', 'patronym', 'birth_date', 'birth_place', 'doc_type_id', 'document_serial', 'pinfl', 'citizen_ship_name', 'nationality', 'gender', 'inn', 'photo', 'sap_id', 'parent_id', 'created_at', 'updated_at', 'client_code'], 'csv_backup': '/opt/***/dags/backups/finboon__clients_20260215_163334_etl_finboon__clients_1a5174f0.csv'}
[2026-02-15T16:33:39.436+0000] {taskinstance.py:1138} INFO - Marking task as SUCCESS. dag_id=etl_finboon__clients, task_id=extract, execution_date=20260215T162816, start_date=20260215T163307, end_date=20260215T163339
[2026-02-15T16:33:39.473+0000] {local_task_job_runner.py:234} INFO - Task exited with return code 0
[2026-02-15T16:33:39.510+0000] {taskinstance.py:3280} INFO - 1 downstream tasks scheduled from follow-on schedule check
