[2026-02-01T21:40:06.144+0000] {taskinstance.py:1956} INFO - Dependencies all met for dep_context=non-requeueable deps ti=<TaskInstance: etl_variant__clients.extract_and_load scheduled__2026-01-31T03:00:00+00:00 [queued]>
[2026-02-01T21:40:06.153+0000] {taskinstance.py:1956} INFO - Dependencies all met for dep_context=requeueable deps ti=<TaskInstance: etl_variant__clients.extract_and_load scheduled__2026-01-31T03:00:00+00:00 [queued]>
[2026-02-01T21:40:06.154+0000] {taskinstance.py:2170} INFO - Starting attempt 1 of 3
[2026-02-01T21:40:06.170+0000] {taskinstance.py:2191} INFO - Executing <Task(PythonOperator): extract_and_load> on 2026-01-31 03:00:00+00:00
[2026-02-01T21:40:06.176+0000] {standard_task_runner.py:60} INFO - Started process 205 to run task
[2026-02-01T21:40:06.180+0000] {standard_task_runner.py:87} INFO - Running: ['***', 'tasks', 'run', 'etl_variant__clients', 'extract_and_load', 'scheduled__2026-01-31T03:00:00+00:00', '--job-id', '13', '--raw', '--subdir', 'DAGS_FOLDER/universal_etl_factory.py', '--cfg-path', '/tmp/tmp7z20saeq']
[2026-02-01T21:40:06.182+0000] {standard_task_runner.py:88} INFO - Job 13: Subtask extract_and_load
[2026-02-01T21:40:06.246+0000] {task_command.py:423} INFO - Running <TaskInstance: etl_variant__clients.extract_and_load scheduled__2026-01-31T03:00:00+00:00 [running]> on host 774c9af3589d
[2026-02-01T21:40:06.347+0000] {taskinstance.py:2480} INFO - Exporting env vars: AIRFLOW_CTX_DAG_OWNER='***' AIRFLOW_CTX_DAG_ID='etl_variant__clients' AIRFLOW_CTX_TASK_ID='extract_and_load' AIRFLOW_CTX_EXECUTION_DATE='2026-01-31T03:00:00+00:00' AIRFLOW_CTX_TRY_NUMBER='1' AIRFLOW_CTX_DAG_RUN_ID='scheduled__2026-01-31T03:00:00+00:00'
[2026-02-01T21:40:06.356+0000] {utils.py:16} INFO - Конфигурация загружена: /opt/***/dags/config/tables.yaml
[2026-02-01T21:40:06.356+0000] {universal_etl_factory.py:49} INFO - === ETL Start ===
[2026-02-01T21:40:06.356+0000] {universal_etl_factory.py:50} INFO - Source: variant.clients
[2026-02-01T21:40:06.356+0000] {universal_etl_factory.py:51} INFO - Target: clients
[2026-02-01T21:40:06.356+0000] {universal_etl_factory.py:52} INFO - Company: company_002
[2026-02-01T21:40:06.356+0000] {universal_etl_factory.py:53} INFO - Job ID: etl_variant__clients_f449ff53
[2026-02-01T21:40:06.389+0000] {connections.py:51} INFO - Подключено к mariadb://10.0.20.2/variant
[2026-02-01T21:40:06.576+0000] {connections.py:82} INFO - Подключено к ClickHouse: clickhouse
[2026-02-01T21:40:06.577+0000] {extractor.py:30} INFO - Выгрузка: variant.clients
[2026-02-01T21:41:07.023+0000] {extractor.py:36} INFO - Извлечено 552878 строк, 19 колонок
[2026-02-01T21:41:11.213+0000] {extractor.py:56} INFO - CSV сохранён: /opt/***/dags/backups/variant__clients_20260201_214107_etl_variant__clients_f449ff53.csv (552878 строк)
[2026-02-01T21:41:11.219+0000] {type_mapper.py:69} INFO - Проанализировано 19 колонок
[2026-02-01T21:41:11.224+0000] {loader.py:62} INFO - Таблица clients готова
[2026-02-01T21:41:11.231+0000] {loader.py:71} INFO - Удалены старые данные схемы variant из clients
[2026-02-01T21:41:12.698+0000] {loader.py:120} INFO - Загружено 50000/552878 строк
[2026-02-01T21:41:14.034+0000] {loader.py:120} INFO - Загружено 100000/552878 строк
[2026-02-01T21:41:15.378+0000] {loader.py:120} INFO - Загружено 150000/552878 строк
[2026-02-01T21:41:16.886+0000] {loader.py:120} INFO - Загружено 200000/552878 строк
[2026-02-01T21:41:17.952+0000] {loader.py:120} INFO - Загружено 250000/552878 строк
[2026-02-01T21:41:19.257+0000] {loader.py:120} INFO - Загружено 300000/552878 строк
[2026-02-01T21:41:20.751+0000] {loader.py:120} INFO - Загружено 350000/552878 строк
[2026-02-01T21:41:22.070+0000] {loader.py:120} INFO - Загружено 400000/552878 строк
[2026-02-01T21:41:23.352+0000] {loader.py:120} INFO - Загружено 450000/552878 строк
[2026-02-01T21:41:24.657+0000] {loader.py:120} INFO - Загружено 500000/552878 строк
[2026-02-01T21:41:25.992+0000] {loader.py:120} INFO - Загружено 550000/552878 строк
[2026-02-01T21:41:26.070+0000] {loader.py:120} INFO - Загружено 552878/552878 строк
[2026-02-01T21:41:26.880+0000] {loader.py:128} INFO - Таблица clients оптимизирована
[2026-02-01T21:41:26.881+0000] {universal_etl_factory.py:127} INFO - === ETL Complete: {'source': 'variant.clients', 'target': 'clients', 'company_id': 'company_002', 'job_id': 'etl_variant__clients_f449ff53', 'rows_extracted': 552878, 'rows_loaded': 552878, 'csv_backup': '/opt/***/dags/backups/variant__clients_20260201_214107_etl_variant__clients_f449ff53.csv'} ===
[2026-02-01T21:41:27.006+0000] {python.py:201} INFO - Done. Returned value was: {'source': 'variant.clients', 'target': 'clients', 'company_id': 'company_002', 'job_id': 'etl_variant__clients_f449ff53', 'rows_extracted': 552878, 'rows_loaded': 552878, 'csv_backup': '/opt/***/dags/backups/variant__clients_20260201_214107_etl_variant__clients_f449ff53.csv'}
[2026-02-01T21:41:27.037+0000] {taskinstance.py:1138} INFO - Marking task as SUCCESS. dag_id=etl_variant__clients, task_id=extract_and_load, execution_date=20260131T030000, start_date=20260201T214006, end_date=20260201T214127
[2026-02-01T21:41:27.082+0000] {local_task_job_runner.py:234} INFO - Task exited with return code 0
[2026-02-01T21:41:27.098+0000] {taskinstance.py:3280} INFO - 0 downstream tasks scheduled from follow-on schedule check
