[2026-02-15T16:50:07.358+0000] {taskinstance.py:1956} INFO - Dependencies all met for dep_context=non-requeueable deps ti=<TaskInstance: etl_variant__client_contracts.extract manual__2026-02-15T16:38:31.321286+00:00 [queued]>
[2026-02-15T16:50:07.373+0000] {taskinstance.py:1956} INFO - Dependencies all met for dep_context=requeueable deps ti=<TaskInstance: etl_variant__client_contracts.extract manual__2026-02-15T16:38:31.321286+00:00 [queued]>
[2026-02-15T16:50:07.374+0000] {taskinstance.py:2170} INFO - Starting attempt 1 of 2
[2026-02-15T16:50:07.397+0000] {taskinstance.py:2191} INFO - Executing <Task(PythonOperator): extract> on 2026-02-15 16:38:31.321286+00:00
[2026-02-15T16:50:07.409+0000] {standard_task_runner.py:60} INFO - Started process 557 to run task
[2026-02-15T16:50:07.423+0000] {standard_task_runner.py:87} INFO - Running: ['***', 'tasks', 'run', 'etl_variant__client_contracts', 'extract', 'manual__2026-02-15T16:38:31.321286+00:00', '--job-id', '71', '--raw', '--subdir', 'DAGS_FOLDER/universal_etl_factory.py', '--cfg-path', '/tmp/tmpe51hgfu_']
[2026-02-15T16:50:07.428+0000] {standard_task_runner.py:88} INFO - Job 71: Subtask extract
[2026-02-15T16:50:07.547+0000] {task_command.py:423} INFO - Running <TaskInstance: etl_variant__client_contracts.extract manual__2026-02-15T16:38:31.321286+00:00 [running]> on host 544250c3cab2
[2026-02-15T16:50:07.698+0000] {taskinstance.py:2480} INFO - Exporting env vars: AIRFLOW_CTX_DAG_OWNER='***' AIRFLOW_CTX_DAG_ID='etl_variant__client_contracts' AIRFLOW_CTX_TASK_ID='extract' AIRFLOW_CTX_EXECUTION_DATE='2026-02-15T16:38:31.321286+00:00' AIRFLOW_CTX_TRY_NUMBER='1' AIRFLOW_CTX_DAG_RUN_ID='manual__2026-02-15T16:38:31.321286+00:00'
[2026-02-15T16:50:07.712+0000] {utils.py:16} INFO - Конфигурация загружена: /opt/***/dags/config/tables.yaml
[2026-02-15T16:50:07.713+0000] {universal_etl_factory.py:43} INFO - === EXTRACT Start ===
[2026-02-15T16:50:07.714+0000] {universal_etl_factory.py:44} INFO - Source: variant.client_contracts
[2026-02-15T16:50:07.714+0000] {universal_etl_factory.py:45} INFO - Job ID: etl_variant__client_contracts_4c49e1c7
[2026-02-15T16:50:07.759+0000] {connections.py:51} INFO - Подключено к mariadb://10.0.20.2/variant
[2026-02-15T16:50:07.760+0000] {extractor.py:30} INFO - Выгрузка: variant.client_contracts
[2026-02-15T16:52:06.044+0000] {extractor.py:36} INFO - Извлечено 633168 строк, 33 колонок
[2026-02-15T16:52:06.046+0000] {universal_etl_factory.py:60} INFO - Извлечено 633168 строк
[2026-02-15T16:52:15.882+0000] {extractor.py:56} INFO - CSV сохранён: /opt/***/dags/backups/variant__client_contracts_20260215_165206_etl_variant__client_contracts_4c49e1c7.csv (633168 строк)
[2026-02-15T16:52:21.940+0000] {universal_etl_factory.py:90} INFO - === EXTRACT Complete ===
[2026-02-15T16:52:22.220+0000] {python.py:201} INFO - Done. Returned value was: {'job_id': 'etl_variant__client_contracts_4c49e1c7', 'rows_extracted': 633168, 'temp_file': '/opt/***/dags/temp/etl_variant__client_contracts_4c49e1c7_data.pkl', 'columns': ['id', 'company_id', 'client_id', 'amount', 'total_amount', 'amount_extra', 'percent_amount', 'contract_number', 'name', 'surname', 'patronym', 'partner_id', 'branch_id', 'document_id', 'status', 'app_id', 'period', 'start_date', 'end_date', 'user_id', 'created_at', 'updated_at', 'percent_extra_charge', 'director_name', 'ordering', 'delivery_status', 'sign_check_id', 'qr_token', 'closed_time', 'recalculated', 'pre_payment', 'product_id', 'is_send_soft'], 'csv_backup': '/opt/***/dags/backups/variant__client_contracts_20260215_165206_etl_variant__client_contracts_4c49e1c7.csv'}
[2026-02-15T16:52:22.258+0000] {taskinstance.py:1138} INFO - Marking task as SUCCESS. dag_id=etl_variant__client_contracts, task_id=extract, execution_date=20260215T163831, start_date=20260215T165007, end_date=20260215T165222
[2026-02-15T16:52:22.333+0000] {local_task_job_runner.py:234} INFO - Task exited with return code 0
[2026-02-15T16:52:22.368+0000] {taskinstance.py:3280} INFO - 1 downstream tasks scheduled from follow-on schedule check
