[2026-02-15T17:05:48.311+0000] {taskinstance.py:1956} INFO - Dependencies all met for dep_context=non-requeueable deps ti=<TaskInstance: etl_finboon__client_contracts.extract manual__2026-02-15T16:47:01.565758+00:00 [queued]>
[2026-02-15T17:05:48.324+0000] {taskinstance.py:1956} INFO - Dependencies all met for dep_context=requeueable deps ti=<TaskInstance: etl_finboon__client_contracts.extract manual__2026-02-15T16:47:01.565758+00:00 [queued]>
[2026-02-15T17:05:48.324+0000] {taskinstance.py:2170} INFO - Starting attempt 1 of 2
[2026-02-15T17:05:48.351+0000] {taskinstance.py:2191} INFO - Executing <Task(PythonOperator): extract> on 2026-02-15 16:47:01.565758+00:00
[2026-02-15T17:05:48.359+0000] {standard_task_runner.py:60} INFO - Started process 238 to run task
[2026-02-15T17:05:48.364+0000] {standard_task_runner.py:87} INFO - Running: ['***', 'tasks', 'run', 'etl_finboon__client_contracts', 'extract', 'manual__2026-02-15T16:47:01.565758+00:00', '--job-id', '88', '--raw', '--subdir', 'DAGS_FOLDER/universal_etl_factory.py', '--cfg-path', '/tmp/tmpwoe0hxt2']
[2026-02-15T17:05:48.367+0000] {standard_task_runner.py:88} INFO - Job 88: Subtask extract
[2026-02-15T17:05:48.471+0000] {task_command.py:423} INFO - Running <TaskInstance: etl_finboon__client_contracts.extract manual__2026-02-15T16:47:01.565758+00:00 [running]> on host 544250c3cab2
[2026-02-15T17:05:48.644+0000] {taskinstance.py:2480} INFO - Exporting env vars: AIRFLOW_CTX_DAG_OWNER='***' AIRFLOW_CTX_DAG_ID='etl_finboon__client_contracts' AIRFLOW_CTX_TASK_ID='extract' AIRFLOW_CTX_EXECUTION_DATE='2026-02-15T16:47:01.565758+00:00' AIRFLOW_CTX_TRY_NUMBER='1' AIRFLOW_CTX_DAG_RUN_ID='manual__2026-02-15T16:47:01.565758+00:00'
[2026-02-15T17:05:48.660+0000] {utils.py:16} INFO - Конфигурация загружена: /opt/***/dags/config/tables.yaml
[2026-02-15T17:05:48.661+0000] {universal_etl_factory.py:43} INFO - === EXTRACT Start ===
[2026-02-15T17:05:48.661+0000] {universal_etl_factory.py:44} INFO - Source: finboon.client_contracts
[2026-02-15T17:05:48.662+0000] {universal_etl_factory.py:45} INFO - Job ID: etl_finboon__client_contracts_b6da0d67
[2026-02-15T17:05:48.704+0000] {connections.py:51} INFO - Подключено к mariadb://10.0.20.2/variant
[2026-02-15T17:05:48.705+0000] {extractor.py:30} INFO - Выгрузка: finboon.client_contracts
[2026-02-15T17:06:26.647+0000] {extractor.py:36} INFO - Извлечено 193100 строк, 33 колонок
[2026-02-15T17:06:26.648+0000] {universal_etl_factory.py:60} INFO - Извлечено 193100 строк
[2026-02-15T17:06:31.156+0000] {extractor.py:56} INFO - CSV сохранён: /opt/***/dags/backups/finboon__client_contracts_20260215_170626_etl_finboon__client_contracts_b6da0d67.csv (193100 строк)
[2026-02-15T17:06:33.010+0000] {universal_etl_factory.py:90} INFO - === EXTRACT Complete ===
[2026-02-15T17:06:33.093+0000] {python.py:201} INFO - Done. Returned value was: {'job_id': 'etl_finboon__client_contracts_b6da0d67', 'rows_extracted': 193100, 'temp_file': '/opt/***/dags/temp/etl_finboon__client_contracts_b6da0d67_data.pkl', 'columns': ['id', 'company_id', 'client_id', 'amount', 'total_amount', 'amount_extra', 'percent_amount', 'contract_number', 'name', 'surname', 'patronym', 'partner_id', 'branch_id', 'document_id', 'status', 'app_id', 'period', 'start_date', 'end_date', 'user_id', 'created_at', 'updated_at', 'percent_extra_charge', 'director_name', 'ordering', 'delivery_status', 'sign_check_id', 'qr_token', 'closed_time', 'recalculated', 'pre_payment', 'product_id', 'is_send_soft'], 'csv_backup': '/opt/***/dags/backups/finboon__client_contracts_20260215_170626_etl_finboon__client_contracts_b6da0d67.csv'}
[2026-02-15T17:06:33.130+0000] {taskinstance.py:1138} INFO - Marking task as SUCCESS. dag_id=etl_finboon__client_contracts, task_id=extract, execution_date=20260215T164701, start_date=20260215T170548, end_date=20260215T170633
[2026-02-15T17:06:33.163+0000] {local_task_job_runner.py:234} INFO - Task exited with return code 0
[2026-02-15T17:06:33.206+0000] {taskinstance.py:3280} INFO - 1 downstream tasks scheduled from follow-on schedule check
